INFO:__main__:PyTorch version: 1.8.1
INFO:__main__:Torchvision version: 0.9.1
INFO:__main__:aural-travels repo commit: 49606708f0380ffa640adad951def323f8b99df9
INFO:__main__:aural-travels repo dirty: False
INFO:__main__:Device: cuda:0
INFO:__main__:Params: 
    batch_size=128
    num_epochs=25
    lr=0.001
    momentum=0.9
INFO:__main__:Model name: resnet50
INFO:root:Loaded album data from data_dir=`/home/leo/data/fma'
INFO:root:Found 3081 albums (having cover and genre_top) in split="training", subset="medium"
INFO:root:Genre distribution: 
Rock                   0.318728
Electronic             0.226550
Experimental           0.112626
Folk                   0.069458
Hip-Hop                0.063291
Pop                    0.048036
Instrumental           0.045115
International          0.038948
Classical              0.023044
Jazz                   0.018500
Old-Time / Historic    0.014281
Country                0.009737
Spoken                 0.004219
Soul-RnB               0.003895
Blues                  0.003246
Easy Listening         0.000325
Name: genre_top, dtype: float64
INFO:root:genre_to_idx={'Classical': 0, 'Folk': 1, 'Easy Listening': 2, 'Old-Time / Historic': 3, 'Instrumental': 4, 'Soul-RnB': 5, 'Jazz': 6, 'Spoken': 7, 'International': 8, 'Experimental': 9, 'Country': 10, 'Electronic': 11, 'Hip-Hop': 12, 'Rock': 13, 'Pop': 14, 'Blues': 15}
INFO:root:Loaded album data from data_dir=`/home/leo/data/fma'
INFO:root:Found 386 albums (having cover and genre_top) in split="validation", subset="medium"
INFO:root:Genre distribution: 
Rock                   0.321244
Electronic             0.240933
Experimental           0.106218
Folk                   0.067358
Hip-Hop                0.064767
Pop                    0.062176
International          0.036269
Instrumental           0.033679
Classical              0.018135
Jazz                   0.018135
Old-Time / Historic    0.012953
Soul-RnB               0.007772
Blues                  0.002591
Country                0.002591
Easy Listening         0.002591
Spoken                 0.002591
Name: genre_top, dtype: float64
INFO:root:genre_to_idx={'Classical': 0, 'Folk': 1, 'Easy Listening': 2, 'Old-Time / Historic': 3, 'Instrumental': 4, 'Soul-RnB': 5, 'Jazz': 6, 'Spoken': 7, 'International': 8, 'Experimental': 9, 'Country': 10, 'Electronic': 11, 'Hip-Hop': 12, 'Rock': 13, 'Pop': 14, 'Blues': 15}
INFO:__main__:Number of trainable parameters: 23540816
INFO:aural_travels.train.classifier:Epoch 0/24
INFO:aural_travels.train.classifier:training loss: 2.2381 acc: 0.3191
INFO:aural_travels.train.classifier:validation loss: 2.0134 acc: 0.3860
INFO:aural_travels.train.classifier:Epoch 1/24
INFO:aural_travels.train.classifier:training loss: 1.9998 acc: 0.3723
INFO:aural_travels.train.classifier:validation loss: 1.9352 acc: 0.3886
INFO:aural_travels.train.classifier:Epoch 2/24
INFO:aural_travels.train.classifier:training loss: 1.9216 acc: 0.3921
INFO:aural_travels.train.classifier:validation loss: 1.9133 acc: 0.3886
INFO:aural_travels.train.classifier:Epoch 3/24
INFO:aural_travels.train.classifier:training loss: 1.8633 acc: 0.3973
INFO:aural_travels.train.classifier:validation loss: 1.8929 acc: 0.4041
INFO:aural_travels.train.classifier:Epoch 4/24
INFO:aural_travels.train.classifier:training loss: 1.8188 acc: 0.4109
INFO:aural_travels.train.classifier:validation loss: 1.8858 acc: 0.3964
INFO:aural_travels.train.classifier:Epoch 5/24
INFO:aural_travels.train.classifier:training loss: 1.7725 acc: 0.4213
INFO:aural_travels.train.classifier:validation loss: 1.8689 acc: 0.3912
INFO:aural_travels.train.classifier:Epoch 6/24
INFO:aural_travels.train.classifier:training loss: 1.7323 acc: 0.4330
INFO:aural_travels.train.classifier:validation loss: 1.8717 acc: 0.3938
INFO:aural_travels.train.classifier:Epoch 7/24
INFO:aural_travels.train.classifier:training loss: 1.6954 acc: 0.4486
INFO:aural_travels.train.classifier:validation loss: 1.8588 acc: 0.3990
INFO:aural_travels.train.classifier:Epoch 8/24
INFO:aural_travels.train.classifier:training loss: 1.6671 acc: 0.4518
INFO:aural_travels.train.classifier:validation loss: 1.8658 acc: 0.3860
INFO:aural_travels.train.classifier:Epoch 9/24
INFO:aural_travels.train.classifier:training loss: 1.6214 acc: 0.4771
INFO:aural_travels.train.classifier:validation loss: 1.8781 acc: 0.4016
INFO:aural_travels.train.classifier:Epoch 10/24
INFO:aural_travels.train.classifier:training loss: 1.5826 acc: 0.4748
INFO:aural_travels.train.classifier:validation loss: 1.8856 acc: 0.4119
INFO:aural_travels.train.classifier:Epoch 11/24
INFO:aural_travels.train.classifier:training loss: 1.5357 acc: 0.5002
INFO:aural_travels.train.classifier:validation loss: 1.8719 acc: 0.3990
INFO:aural_travels.train.classifier:Epoch 12/24
INFO:aural_travels.train.classifier:training loss: 1.5090 acc: 0.5093
INFO:aural_travels.train.classifier:validation loss: 1.8969 acc: 0.3912
INFO:aural_travels.train.classifier:Epoch 13/24
INFO:aural_travels.train.classifier:training loss: 1.4787 acc: 0.5274
INFO:aural_travels.train.classifier:validation loss: 1.9141 acc: 0.3834
INFO:aural_travels.train.classifier:Epoch 14/24
INFO:aural_travels.train.classifier:training loss: 1.4221 acc: 0.5385
INFO:aural_travels.train.classifier:validation loss: 1.8990 acc: 0.4119
INFO:aural_travels.train.classifier:Epoch 15/24
INFO:aural_travels.train.classifier:training loss: 1.3806 acc: 0.5505
INFO:aural_travels.train.classifier:validation loss: 1.9282 acc: 0.3834
INFO:aural_travels.train.classifier:Epoch 16/24
INFO:aural_travels.train.classifier:training loss: 1.3588 acc: 0.5667
INFO:aural_travels.train.classifier:validation loss: 1.9354 acc: 0.3782
INFO:aural_travels.train.classifier:Epoch 17/24
INFO:aural_travels.train.classifier:training loss: 1.2924 acc: 0.5794
INFO:aural_travels.train.classifier:validation loss: 1.9652 acc: 0.3705
INFO:aural_travels.train.classifier:Epoch 18/24
INFO:aural_travels.train.classifier:training loss: 1.2666 acc: 0.5901
INFO:aural_travels.train.classifier:validation loss: 1.9901 acc: 0.3679
INFO:aural_travels.train.classifier:Epoch 19/24
INFO:aural_travels.train.classifier:training loss: 1.2306 acc: 0.6063
INFO:aural_travels.train.classifier:validation loss: 2.0040 acc: 0.3731
INFO:aural_travels.train.classifier:Epoch 20/24
INFO:aural_travels.train.classifier:training loss: 1.1670 acc: 0.6329
INFO:aural_travels.train.classifier:validation loss: 2.0112 acc: 0.3731
INFO:aural_travels.train.classifier:Epoch 21/24
INFO:aural_travels.train.classifier:training loss: 1.1366 acc: 0.6482
INFO:aural_travels.train.classifier:validation loss: 2.0460 acc: 0.3834
INFO:aural_travels.train.classifier:Epoch 22/24
INFO:aural_travels.train.classifier:training loss: 1.0998 acc: 0.6605
INFO:aural_travels.train.classifier:validation loss: 2.0648 acc: 0.3653
INFO:aural_travels.train.classifier:Epoch 23/24
INFO:aural_travels.train.classifier:training loss: 1.0782 acc: 0.6644
INFO:aural_travels.train.classifier:validation loss: 2.1375 acc: 0.3446
INFO:aural_travels.train.classifier:Epoch 24/24
INFO:aural_travels.train.classifier:training loss: 1.0172 acc: 0.6826
INFO:aural_travels.train.classifier:validation loss: 2.1418 acc: 0.3601
INFO:aural_travels.train.classifier:Training complete in 4m44s
INFO:aural_travels.train.classifier:Best validation acc: 0.411917
INFO:__main__:Model name: resnet50
INFO:__main__:Number of trainable parameters: 23540816
INFO:aural_travels.train.classifier:Epoch 0/24
INFO:aural_travels.train.classifier:training loss: 2.2634 acc: 0.3009
INFO:aural_travels.train.classifier:validation loss: 2.0846 acc: 0.2824
INFO:aural_travels.train.classifier:Epoch 1/24
INFO:aural_travels.train.classifier:training loss: 1.9991 acc: 0.3625
INFO:aural_travels.train.classifier:validation loss: 1.9440 acc: 0.3938
INFO:aural_travels.train.classifier:Epoch 2/24
INFO:aural_travels.train.classifier:training loss: 1.9245 acc: 0.3888
INFO:aural_travels.train.classifier:validation loss: 1.9218 acc: 0.3860
INFO:aural_travels.train.classifier:Epoch 3/24
INFO:aural_travels.train.classifier:training loss: 1.8635 acc: 0.3982
INFO:aural_travels.train.classifier:validation loss: 1.9094 acc: 0.3938
INFO:aural_travels.train.classifier:Epoch 4/24
INFO:aural_travels.train.classifier:training loss: 1.8222 acc: 0.4070
INFO:aural_travels.train.classifier:validation loss: 1.9099 acc: 0.3782
INFO:aural_travels.train.classifier:Epoch 5/24
INFO:aural_travels.train.classifier:training loss: 1.7670 acc: 0.4262
INFO:aural_travels.train.classifier:validation loss: 1.8862 acc: 0.3756
INFO:aural_travels.train.classifier:Epoch 6/24
INFO:aural_travels.train.classifier:training loss: 1.7476 acc: 0.4242
INFO:aural_travels.train.classifier:validation loss: 1.8869 acc: 0.3808
INFO:aural_travels.train.classifier:Epoch 7/24
INFO:aural_travels.train.classifier:training loss: 1.7107 acc: 0.4356
INFO:aural_travels.train.classifier:validation loss: 1.8842 acc: 0.3834
INFO:aural_travels.train.classifier:Epoch 8/24
INFO:aural_travels.train.classifier:training loss: 1.6620 acc: 0.4528
INFO:aural_travels.train.classifier:validation loss: 1.8923 acc: 0.3549
INFO:aural_travels.train.classifier:Epoch 9/24
INFO:aural_travels.train.classifier:training loss: 1.6144 acc: 0.4599
INFO:aural_travels.train.classifier:validation loss: 1.9044 acc: 0.3756
INFO:aural_travels.train.classifier:Epoch 10/24
INFO:aural_travels.train.classifier:training loss: 1.5905 acc: 0.4781
INFO:aural_travels.train.classifier:validation loss: 1.8992 acc: 0.3653
INFO:aural_travels.train.classifier:Epoch 11/24
INFO:aural_travels.train.classifier:training loss: 1.5438 acc: 0.4914
INFO:aural_travels.train.classifier:validation loss: 1.9035 acc: 0.3756
INFO:aural_travels.train.classifier:Epoch 12/24
INFO:aural_travels.train.classifier:training loss: 1.5068 acc: 0.5154
INFO:aural_travels.train.classifier:validation loss: 1.9176 acc: 0.3808
INFO:aural_travels.train.classifier:Epoch 13/24
INFO:aural_travels.train.classifier:training loss: 1.4787 acc: 0.5200
INFO:aural_travels.train.classifier:validation loss: 1.9240 acc: 0.3860
INFO:aural_travels.train.classifier:Epoch 14/24
INFO:aural_travels.train.classifier:training loss: 1.4253 acc: 0.5398
INFO:aural_travels.train.classifier:validation loss: 1.9165 acc: 0.3938
INFO:aural_travels.train.classifier:Epoch 15/24
INFO:aural_travels.train.classifier:training loss: 1.3881 acc: 0.5485
INFO:aural_travels.train.classifier:validation loss: 1.9188 acc: 0.3860
INFO:aural_travels.train.classifier:Epoch 16/24
INFO:aural_travels.train.classifier:training loss: 1.3560 acc: 0.5628
INFO:aural_travels.train.classifier:validation loss: 1.9241 acc: 0.4016
INFO:aural_travels.train.classifier:Epoch 17/24
INFO:aural_travels.train.classifier:training loss: 1.3094 acc: 0.5862
INFO:aural_travels.train.classifier:validation loss: 1.9511 acc: 0.3886
INFO:aural_travels.train.classifier:Epoch 18/24
INFO:aural_travels.train.classifier:training loss: 1.2717 acc: 0.5946
INFO:aural_travels.train.classifier:validation loss: 1.9593 acc: 0.3938
INFO:aural_travels.train.classifier:Epoch 19/24
INFO:aural_travels.train.classifier:training loss: 1.2351 acc: 0.6060
INFO:aural_travels.train.classifier:validation loss: 1.9890 acc: 0.3912
INFO:aural_travels.train.classifier:Epoch 20/24
INFO:aural_travels.train.classifier:training loss: 1.1893 acc: 0.6206
INFO:aural_travels.train.classifier:validation loss: 2.0152 acc: 0.3886
INFO:aural_travels.train.classifier:Epoch 21/24
INFO:aural_travels.train.classifier:training loss: 1.1431 acc: 0.6420
INFO:aural_travels.train.classifier:validation loss: 2.0368 acc: 0.3860
INFO:aural_travels.train.classifier:Epoch 22/24
INFO:aural_travels.train.classifier:training loss: 1.1030 acc: 0.6628
INFO:aural_travels.train.classifier:validation loss: 2.0422 acc: 0.4041
INFO:aural_travels.train.classifier:Epoch 23/24
INFO:aural_travels.train.classifier:training loss: 1.0723 acc: 0.6637
INFO:aural_travels.train.classifier:validation loss: 2.0802 acc: 0.3731
INFO:aural_travels.train.classifier:Epoch 24/24
INFO:aural_travels.train.classifier:training loss: 1.0309 acc: 0.6761
INFO:aural_travels.train.classifier:validation loss: 2.1024 acc: 0.3731
INFO:aural_travels.train.classifier:Training complete in 4m52s
INFO:aural_travels.train.classifier:Best validation acc: 0.404145
INFO:__main__:Model name: resnet50
INFO:__main__:Number of trainable parameters: 23540816
INFO:aural_travels.train.classifier:Epoch 0/24
INFO:aural_travels.train.classifier:training loss: 2.2728 acc: 0.2814
INFO:aural_travels.train.classifier:validation loss: 2.0508 acc: 0.3290
INFO:aural_travels.train.classifier:Epoch 1/24
INFO:aural_travels.train.classifier:training loss: 1.9803 acc: 0.3677
INFO:aural_travels.train.classifier:validation loss: 1.9499 acc: 0.3834
INFO:aural_travels.train.classifier:Epoch 2/24
INFO:aural_travels.train.classifier:training loss: 1.9082 acc: 0.3950
INFO:aural_travels.train.classifier:validation loss: 1.9327 acc: 0.3782
INFO:aural_travels.train.classifier:Epoch 3/24
INFO:aural_travels.train.classifier:training loss: 1.8557 acc: 0.4025
INFO:aural_travels.train.classifier:validation loss: 1.9190 acc: 0.3834
INFO:aural_travels.train.classifier:Epoch 4/24
INFO:aural_travels.train.classifier:training loss: 1.8109 acc: 0.4106
INFO:aural_travels.train.classifier:validation loss: 1.8986 acc: 0.3731
INFO:aural_travels.train.classifier:Epoch 5/24
INFO:aural_travels.train.classifier:training loss: 1.7680 acc: 0.4226
INFO:aural_travels.train.classifier:validation loss: 1.9058 acc: 0.3912
INFO:aural_travels.train.classifier:Epoch 6/24
INFO:aural_travels.train.classifier:training loss: 1.7246 acc: 0.4304
INFO:aural_travels.train.classifier:validation loss: 1.8951 acc: 0.3886
INFO:aural_travels.train.classifier:Epoch 7/24
INFO:aural_travels.train.classifier:training loss: 1.6964 acc: 0.4437
INFO:aural_travels.train.classifier:validation loss: 1.8816 acc: 0.3705
INFO:aural_travels.train.classifier:Epoch 8/24
INFO:aural_travels.train.classifier:training loss: 1.6527 acc: 0.4697
INFO:aural_travels.train.classifier:validation loss: 1.8778 acc: 0.4041
INFO:aural_travels.train.classifier:Epoch 9/24
INFO:aural_travels.train.classifier:training loss: 1.6272 acc: 0.4674
INFO:aural_travels.train.classifier:validation loss: 1.9060 acc: 0.3912
INFO:aural_travels.train.classifier:Epoch 10/24
INFO:aural_travels.train.classifier:training loss: 1.5892 acc: 0.4752
INFO:aural_travels.train.classifier:validation loss: 1.8800 acc: 0.3912
INFO:aural_travels.train.classifier:Epoch 11/24
INFO:aural_travels.train.classifier:training loss: 1.5377 acc: 0.4969
INFO:aural_travels.train.classifier:validation loss: 1.8886 acc: 0.3912
INFO:aural_travels.train.classifier:Epoch 12/24
INFO:aural_travels.train.classifier:training loss: 1.4886 acc: 0.5125
INFO:aural_travels.train.classifier:validation loss: 1.8907 acc: 0.4067
INFO:aural_travels.train.classifier:Epoch 13/24
INFO:aural_travels.train.classifier:training loss: 1.4554 acc: 0.5239
INFO:aural_travels.train.classifier:validation loss: 1.9027 acc: 0.3886
INFO:aural_travels.train.classifier:Epoch 14/24
INFO:aural_travels.train.classifier:training loss: 1.4168 acc: 0.5310
INFO:aural_travels.train.classifier:validation loss: 1.9281 acc: 0.3860
INFO:aural_travels.train.classifier:Epoch 15/24
INFO:aural_travels.train.classifier:training loss: 1.3969 acc: 0.5482
INFO:aural_travels.train.classifier:validation loss: 1.9580 acc: 0.3782
INFO:aural_travels.train.classifier:Epoch 16/24
INFO:aural_travels.train.classifier:training loss: 1.3369 acc: 0.5732
INFO:aural_travels.train.classifier:validation loss: 1.9611 acc: 0.3860
INFO:aural_travels.train.classifier:Epoch 17/24
INFO:aural_travels.train.classifier:training loss: 1.3064 acc: 0.5875
INFO:aural_travels.train.classifier:validation loss: 1.9824 acc: 0.3808
INFO:aural_travels.train.classifier:Epoch 18/24
INFO:aural_travels.train.classifier:training loss: 1.2709 acc: 0.5969
INFO:aural_travels.train.classifier:validation loss: 2.0040 acc: 0.3653
INFO:aural_travels.train.classifier:Epoch 19/24
INFO:aural_travels.train.classifier:training loss: 1.2126 acc: 0.6141
INFO:aural_travels.train.classifier:validation loss: 2.0258 acc: 0.3886
INFO:aural_travels.train.classifier:Epoch 20/24
INFO:aural_travels.train.classifier:training loss: 1.1800 acc: 0.6232
INFO:aural_travels.train.classifier:validation loss: 2.0436 acc: 0.3705
INFO:aural_travels.train.classifier:Epoch 21/24
INFO:aural_travels.train.classifier:training loss: 1.1195 acc: 0.6478
INFO:aural_travels.train.classifier:validation loss: 2.0579 acc: 0.3601
INFO:aural_travels.train.classifier:Epoch 22/24
INFO:aural_travels.train.classifier:training loss: 1.1113 acc: 0.6465
INFO:aural_travels.train.classifier:validation loss: 2.1042 acc: 0.3549
INFO:aural_travels.train.classifier:Epoch 23/24
INFO:aural_travels.train.classifier:training loss: 1.0366 acc: 0.6774
INFO:aural_travels.train.classifier:validation loss: 2.1241 acc: 0.3627
INFO:aural_travels.train.classifier:Epoch 24/24
INFO:aural_travels.train.classifier:training loss: 1.0111 acc: 0.6900
INFO:aural_travels.train.classifier:validation loss: 2.1733 acc: 0.3601
INFO:aural_travels.train.classifier:Training complete in 4m50s
INFO:aural_travels.train.classifier:Best validation acc: 0.406736
INFO:__main__:Model name: resnet18
INFO:__main__:Number of trainable parameters: 11184720
INFO:aural_travels.train.classifier:Epoch 0/24
INFO:aural_travels.train.classifier:training loss: 2.4369 acc: 0.2489
INFO:aural_travels.train.classifier:validation loss: 2.0949 acc: 0.3290
INFO:aural_travels.train.classifier:Epoch 1/24
INFO:aural_travels.train.classifier:training loss: 2.0266 acc: 0.3499
INFO:aural_travels.train.classifier:validation loss: 2.0117 acc: 0.3601
INFO:aural_travels.train.classifier:Epoch 2/24
INFO:aural_travels.train.classifier:training loss: 1.9533 acc: 0.3723
INFO:aural_travels.train.classifier:validation loss: 1.9829 acc: 0.3731
INFO:aural_travels.train.classifier:Epoch 3/24
INFO:aural_travels.train.classifier:training loss: 1.8874 acc: 0.3853
INFO:aural_travels.train.classifier:validation loss: 1.9657 acc: 0.3808
INFO:aural_travels.train.classifier:Epoch 4/24
INFO:aural_travels.train.classifier:training loss: 1.8459 acc: 0.4002
INFO:aural_travels.train.classifier:validation loss: 1.9522 acc: 0.3679
INFO:aural_travels.train.classifier:Epoch 5/24
INFO:aural_travels.train.classifier:training loss: 1.8068 acc: 0.4099
INFO:aural_travels.train.classifier:validation loss: 1.9414 acc: 0.3808
INFO:aural_travels.train.classifier:Epoch 6/24
INFO:aural_travels.train.classifier:training loss: 1.7760 acc: 0.4245
INFO:aural_travels.train.classifier:validation loss: 1.9441 acc: 0.3653
INFO:aural_travels.train.classifier:Epoch 7/24
INFO:aural_travels.train.classifier:training loss: 1.7380 acc: 0.4314
INFO:aural_travels.train.classifier:validation loss: 1.9411 acc: 0.3808
INFO:aural_travels.train.classifier:Epoch 8/24
INFO:aural_travels.train.classifier:training loss: 1.7186 acc: 0.4356
INFO:aural_travels.train.classifier:validation loss: 1.9362 acc: 0.3782
INFO:aural_travels.train.classifier:Epoch 9/24
INFO:aural_travels.train.classifier:training loss: 1.6830 acc: 0.4505
INFO:aural_travels.train.classifier:validation loss: 1.9513 acc: 0.3653
INFO:aural_travels.train.classifier:Epoch 10/24
INFO:aural_travels.train.classifier:training loss: 1.6566 acc: 0.4544
INFO:aural_travels.train.classifier:validation loss: 1.9538 acc: 0.3601
INFO:aural_travels.train.classifier:Epoch 11/24
INFO:aural_travels.train.classifier:training loss: 1.6298 acc: 0.4570
INFO:aural_travels.train.classifier:validation loss: 1.9453 acc: 0.3679
INFO:aural_travels.train.classifier:Epoch 12/24
INFO:aural_travels.train.classifier:training loss: 1.5992 acc: 0.4774
INFO:aural_travels.train.classifier:validation loss: 1.9446 acc: 0.3756
INFO:aural_travels.train.classifier:Epoch 13/24
INFO:aural_travels.train.classifier:training loss: 1.5825 acc: 0.4758
INFO:aural_travels.train.classifier:validation loss: 1.9686 acc: 0.3679
INFO:aural_travels.train.classifier:Epoch 14/24
INFO:aural_travels.train.classifier:training loss: 1.5509 acc: 0.5015
INFO:aural_travels.train.classifier:validation loss: 1.9473 acc: 0.3886
INFO:aural_travels.train.classifier:Epoch 15/24
INFO:aural_travels.train.classifier:training loss: 1.5374 acc: 0.4966
INFO:aural_travels.train.classifier:validation loss: 1.9694 acc: 0.3653
INFO:aural_travels.train.classifier:Epoch 16/24
INFO:aural_travels.train.classifier:training loss: 1.5078 acc: 0.5099
INFO:aural_travels.train.classifier:validation loss: 1.9387 acc: 0.3808
INFO:aural_travels.train.classifier:Epoch 17/24
INFO:aural_travels.train.classifier:training loss: 1.4832 acc: 0.5170
INFO:aural_travels.train.classifier:validation loss: 1.9568 acc: 0.3860
INFO:aural_travels.train.classifier:Epoch 18/24
INFO:aural_travels.train.classifier:training loss: 1.4684 acc: 0.5300
INFO:aural_travels.train.classifier:validation loss: 1.9775 acc: 0.3782
INFO:aural_travels.train.classifier:Epoch 19/24
INFO:aural_travels.train.classifier:training loss: 1.4289 acc: 0.5394
INFO:aural_travels.train.classifier:validation loss: 1.9843 acc: 0.3756
INFO:aural_travels.train.classifier:Epoch 20/24
INFO:aural_travels.train.classifier:training loss: 1.4005 acc: 0.5427
INFO:aural_travels.train.classifier:validation loss: 1.9612 acc: 0.3756
INFO:aural_travels.train.classifier:Epoch 21/24
INFO:aural_travels.train.classifier:training loss: 1.3738 acc: 0.5605
INFO:aural_travels.train.classifier:validation loss: 1.9747 acc: 0.4016
INFO:aural_travels.train.classifier:Epoch 22/24
INFO:aural_travels.train.classifier:training loss: 1.3417 acc: 0.5670
INFO:aural_travels.train.classifier:validation loss: 2.0008 acc: 0.3782
INFO:aural_travels.train.classifier:Epoch 23/24
INFO:aural_travels.train.classifier:training loss: 1.3270 acc: 0.5725
INFO:aural_travels.train.classifier:validation loss: 2.0239 acc: 0.3860
INFO:aural_travels.train.classifier:Epoch 24/24
INFO:aural_travels.train.classifier:training loss: 1.2957 acc: 0.5748
INFO:aural_travels.train.classifier:validation loss: 2.0213 acc: 0.3653
INFO:aural_travels.train.classifier:Training complete in 2m46s
INFO:aural_travels.train.classifier:Best validation acc: 0.401554
INFO:__main__:Model name: resnet18
INFO:__main__:Number of trainable parameters: 11184720
INFO:aural_travels.train.classifier:Epoch 0/24
INFO:aural_travels.train.classifier:training loss: 2.4808 acc: 0.2438
INFO:aural_travels.train.classifier:validation loss: 2.0992 acc: 0.2979
INFO:aural_travels.train.classifier:Epoch 1/24
INFO:aural_travels.train.classifier:training loss: 2.0384 acc: 0.3509
INFO:aural_travels.train.classifier:validation loss: 1.9939 acc: 0.3653
INFO:aural_travels.train.classifier:Epoch 2/24
INFO:aural_travels.train.classifier:training loss: 1.9582 acc: 0.3668
INFO:aural_travels.train.classifier:validation loss: 1.9538 acc: 0.3808
INFO:aural_travels.train.classifier:Epoch 3/24
INFO:aural_travels.train.classifier:training loss: 1.8977 acc: 0.3846
INFO:aural_travels.train.classifier:validation loss: 1.9416 acc: 0.3808
INFO:aural_travels.train.classifier:Epoch 4/24
INFO:aural_travels.train.classifier:training loss: 1.8679 acc: 0.3875
INFO:aural_travels.train.classifier:validation loss: 1.9174 acc: 0.3990
INFO:aural_travels.train.classifier:Epoch 5/24
INFO:aural_travels.train.classifier:training loss: 1.8127 acc: 0.4093
INFO:aural_travels.train.classifier:validation loss: 1.9083 acc: 0.3860
INFO:aural_travels.train.classifier:Epoch 6/24
INFO:aural_travels.train.classifier:training loss: 1.7863 acc: 0.4232
INFO:aural_travels.train.classifier:validation loss: 1.9083 acc: 0.3938
INFO:aural_travels.train.classifier:Epoch 7/24
INFO:aural_travels.train.classifier:training loss: 1.7591 acc: 0.4304
INFO:aural_travels.train.classifier:validation loss: 1.9003 acc: 0.3834
INFO:aural_travels.train.classifier:Epoch 8/24
INFO:aural_travels.train.classifier:training loss: 1.7113 acc: 0.4430
INFO:aural_travels.train.classifier:validation loss: 1.8955 acc: 0.3964
INFO:aural_travels.train.classifier:Epoch 9/24
INFO:aural_travels.train.classifier:training loss: 1.7012 acc: 0.4404
INFO:aural_travels.train.classifier:validation loss: 1.8889 acc: 0.3938
INFO:aural_travels.train.classifier:Epoch 10/24
INFO:aural_travels.train.classifier:training loss: 1.6526 acc: 0.4635
INFO:aural_travels.train.classifier:validation loss: 1.8932 acc: 0.3990
INFO:aural_travels.train.classifier:Epoch 11/24
INFO:aural_travels.train.classifier:training loss: 1.6390 acc: 0.4586
INFO:aural_travels.train.classifier:validation loss: 1.8871 acc: 0.3990
INFO:aural_travels.train.classifier:Epoch 12/24
INFO:aural_travels.train.classifier:training loss: 1.6135 acc: 0.4752
INFO:aural_travels.train.classifier:validation loss: 1.8927 acc: 0.3886
INFO:aural_travels.train.classifier:Epoch 13/24
INFO:aural_travels.train.classifier:training loss: 1.5855 acc: 0.4875
INFO:aural_travels.train.classifier:validation loss: 1.8816 acc: 0.4041
INFO:aural_travels.train.classifier:Epoch 14/24
INFO:aural_travels.train.classifier:training loss: 1.5683 acc: 0.4885
INFO:aural_travels.train.classifier:validation loss: 1.8868 acc: 0.4041
INFO:aural_travels.train.classifier:Epoch 15/24
INFO:aural_travels.train.classifier:training loss: 1.5418 acc: 0.4966
INFO:aural_travels.train.classifier:validation loss: 1.8786 acc: 0.4119
INFO:aural_travels.train.classifier:Epoch 16/24
INFO:aural_travels.train.classifier:training loss: 1.5170 acc: 0.5011
INFO:aural_travels.train.classifier:validation loss: 1.8967 acc: 0.3990
INFO:aural_travels.train.classifier:Epoch 17/24
INFO:aural_travels.train.classifier:training loss: 1.4870 acc: 0.5183
INFO:aural_travels.train.classifier:validation loss: 1.9019 acc: 0.4119
INFO:aural_travels.train.classifier:Epoch 18/24
INFO:aural_travels.train.classifier:training loss: 1.4693 acc: 0.5157
INFO:aural_travels.train.classifier:validation loss: 1.8963 acc: 0.3912
INFO:aural_travels.train.classifier:Epoch 19/24
INFO:aural_travels.train.classifier:training loss: 1.4586 acc: 0.5261
INFO:aural_travels.train.classifier:validation loss: 1.9227 acc: 0.3964
INFO:aural_travels.train.classifier:Epoch 20/24
INFO:aural_travels.train.classifier:training loss: 1.4091 acc: 0.5446
INFO:aural_travels.train.classifier:validation loss: 1.9059 acc: 0.3990
INFO:aural_travels.train.classifier:Epoch 21/24
INFO:aural_travels.train.classifier:training loss: 1.3882 acc: 0.5498
INFO:aural_travels.train.classifier:validation loss: 1.9208 acc: 0.3990
INFO:aural_travels.train.classifier:Epoch 22/24
INFO:aural_travels.train.classifier:training loss: 1.3723 acc: 0.5573
INFO:aural_travels.train.classifier:validation loss: 1.9527 acc: 0.3782
INFO:aural_travels.train.classifier:Epoch 23/24
INFO:aural_travels.train.classifier:training loss: 1.3614 acc: 0.5592
INFO:aural_travels.train.classifier:validation loss: 1.9524 acc: 0.4016
INFO:aural_travels.train.classifier:Epoch 24/24
INFO:aural_travels.train.classifier:training loss: 1.3351 acc: 0.5693
INFO:aural_travels.train.classifier:validation loss: 1.9552 acc: 0.4119
INFO:aural_travels.train.classifier:Training complete in 2m45s
INFO:aural_travels.train.classifier:Best validation acc: 0.411917
INFO:__main__:Model name: resnet18
INFO:__main__:Number of trainable parameters: 11184720
INFO:aural_travels.train.classifier:Epoch 0/24
INFO:aural_travels.train.classifier:training loss: 2.3988 acc: 0.2554
INFO:aural_travels.train.classifier:validation loss: 2.0971 acc: 0.3420
INFO:aural_travels.train.classifier:Epoch 1/24
INFO:aural_travels.train.classifier:training loss: 2.0437 acc: 0.3632
INFO:aural_travels.train.classifier:validation loss: 2.0122 acc: 0.3886
INFO:aural_travels.train.classifier:Epoch 2/24
INFO:aural_travels.train.classifier:training loss: 1.9678 acc: 0.3703
INFO:aural_travels.train.classifier:validation loss: 1.9629 acc: 0.4041
INFO:aural_travels.train.classifier:Epoch 3/24
INFO:aural_travels.train.classifier:training loss: 1.9150 acc: 0.3794
INFO:aural_travels.train.classifier:validation loss: 1.9570 acc: 0.3912
INFO:aural_travels.train.classifier:Epoch 4/24
INFO:aural_travels.train.classifier:training loss: 1.8691 acc: 0.3973
INFO:aural_travels.train.classifier:validation loss: 1.9538 acc: 0.4016
INFO:aural_travels.train.classifier:Epoch 5/24
INFO:aural_travels.train.classifier:training loss: 1.8271 acc: 0.3982
INFO:aural_travels.train.classifier:validation loss: 1.9435 acc: 0.3990
INFO:aural_travels.train.classifier:Epoch 6/24
INFO:aural_travels.train.classifier:training loss: 1.7781 acc: 0.4262
INFO:aural_travels.train.classifier:validation loss: 1.9371 acc: 0.3912
INFO:aural_travels.train.classifier:Epoch 7/24
INFO:aural_travels.train.classifier:training loss: 1.7450 acc: 0.4310
INFO:aural_travels.train.classifier:validation loss: 1.9230 acc: 0.3860
INFO:aural_travels.train.classifier:Epoch 8/24
INFO:aural_travels.train.classifier:training loss: 1.7281 acc: 0.4340
INFO:aural_travels.train.classifier:validation loss: 1.9304 acc: 0.3808
INFO:aural_travels.train.classifier:Epoch 9/24
INFO:aural_travels.train.classifier:training loss: 1.6964 acc: 0.4512
INFO:aural_travels.train.classifier:validation loss: 1.9360 acc: 0.3938
INFO:aural_travels.train.classifier:Epoch 10/24
INFO:aural_travels.train.classifier:training loss: 1.6562 acc: 0.4609
INFO:aural_travels.train.classifier:validation loss: 1.9417 acc: 0.3938
INFO:aural_travels.train.classifier:Epoch 11/24
INFO:aural_travels.train.classifier:training loss: 1.6408 acc: 0.4573
INFO:aural_travels.train.classifier:validation loss: 1.9289 acc: 0.3731
INFO:aural_travels.train.classifier:Epoch 12/24
INFO:aural_travels.train.classifier:training loss: 1.6072 acc: 0.4690
INFO:aural_travels.train.classifier:validation loss: 1.9505 acc: 0.3912
INFO:aural_travels.train.classifier:Epoch 13/24
INFO:aural_travels.train.classifier:training loss: 1.5865 acc: 0.4722
INFO:aural_travels.train.classifier:validation loss: 1.9427 acc: 0.3860
INFO:aural_travels.train.classifier:Epoch 14/24
INFO:aural_travels.train.classifier:training loss: 1.5613 acc: 0.4933
INFO:aural_travels.train.classifier:validation loss: 1.9288 acc: 0.3808
INFO:aural_travels.train.classifier:Epoch 15/24
INFO:aural_travels.train.classifier:training loss: 1.5373 acc: 0.4963
INFO:aural_travels.train.classifier:validation loss: 1.9473 acc: 0.3860
INFO:aural_travels.train.classifier:Epoch 16/24
INFO:aural_travels.train.classifier:training loss: 1.5199 acc: 0.5037
INFO:aural_travels.train.classifier:validation loss: 1.9581 acc: 0.3756
INFO:aural_travels.train.classifier:Epoch 17/24
INFO:aural_travels.train.classifier:training loss: 1.4987 acc: 0.5170
INFO:aural_travels.train.classifier:validation loss: 1.9713 acc: 0.3912
INFO:aural_travels.train.classifier:Epoch 18/24
INFO:aural_travels.train.classifier:training loss: 1.4725 acc: 0.5154
INFO:aural_travels.train.classifier:validation loss: 1.9557 acc: 0.4016
INFO:aural_travels.train.classifier:Epoch 19/24
INFO:aural_travels.train.classifier:training loss: 1.4538 acc: 0.5258
INFO:aural_travels.train.classifier:validation loss: 1.9615 acc: 0.4041
INFO:aural_travels.train.classifier:Epoch 20/24
INFO:aural_travels.train.classifier:training loss: 1.4232 acc: 0.5359
INFO:aural_travels.train.classifier:validation loss: 1.9747 acc: 0.3990
INFO:aural_travels.train.classifier:Epoch 21/24
INFO:aural_travels.train.classifier:training loss: 1.3929 acc: 0.5349
INFO:aural_travels.train.classifier:validation loss: 1.9795 acc: 0.3860
INFO:aural_travels.train.classifier:Epoch 22/24
INFO:aural_travels.train.classifier:training loss: 1.3767 acc: 0.5527
INFO:aural_travels.train.classifier:validation loss: 2.0059 acc: 0.3834
INFO:aural_travels.train.classifier:Epoch 23/24
INFO:aural_travels.train.classifier:training loss: 1.3390 acc: 0.5648
INFO:aural_travels.train.classifier:validation loss: 2.0085 acc: 0.4016
INFO:aural_travels.train.classifier:Epoch 24/24
INFO:aural_travels.train.classifier:training loss: 1.3191 acc: 0.5631
INFO:aural_travels.train.classifier:validation loss: 2.0110 acc: 0.3990
INFO:aural_travels.train.classifier:Training complete in 2m45s
INFO:aural_travels.train.classifier:Best validation acc: 0.404145
INFO:__main__:Model name: alexnet
INFO:__main__:Number of trainable parameters: 57069392
INFO:aural_travels.train.classifier:Epoch 0/24
INFO:aural_travels.train.classifier:training loss: 2.2760 acc: 0.2931
INFO:aural_travels.train.classifier:validation loss: 2.0111 acc: 0.3549
INFO:aural_travels.train.classifier:Epoch 1/24
INFO:aural_travels.train.classifier:training loss: 1.9418 acc: 0.3739
INFO:aural_travels.train.classifier:validation loss: 1.9598 acc: 0.3731
INFO:aural_travels.train.classifier:Epoch 2/24
INFO:aural_travels.train.classifier:training loss: 1.8608 acc: 0.3973
INFO:aural_travels.train.classifier:validation loss: 1.9687 acc: 0.3549
INFO:aural_travels.train.classifier:Epoch 3/24
INFO:aural_travels.train.classifier:training loss: 1.8117 acc: 0.4119
INFO:aural_travels.train.classifier:validation loss: 1.9554 acc: 0.3523
INFO:aural_travels.train.classifier:Epoch 4/24
INFO:aural_travels.train.classifier:training loss: 1.7670 acc: 0.4242
INFO:aural_travels.train.classifier:validation loss: 1.9499 acc: 0.3601
INFO:aural_travels.train.classifier:Epoch 5/24
INFO:aural_travels.train.classifier:training loss: 1.7231 acc: 0.4330
INFO:aural_travels.train.classifier:validation loss: 1.9946 acc: 0.3420
INFO:aural_travels.train.classifier:Epoch 6/24
INFO:aural_travels.train.classifier:training loss: 1.6665 acc: 0.4401
INFO:aural_travels.train.classifier:validation loss: 2.0094 acc: 0.3420
INFO:aural_travels.train.classifier:Epoch 7/24
INFO:aural_travels.train.classifier:training loss: 1.6281 acc: 0.4661
INFO:aural_travels.train.classifier:validation loss: 2.0428 acc: 0.3446
INFO:aural_travels.train.classifier:Epoch 8/24
INFO:aural_travels.train.classifier:training loss: 1.5988 acc: 0.4716
INFO:aural_travels.train.classifier:validation loss: 2.0647 acc: 0.3342
INFO:aural_travels.train.classifier:Epoch 9/24
INFO:aural_travels.train.classifier:training loss: 1.5578 acc: 0.4713
INFO:aural_travels.train.classifier:validation loss: 2.0822 acc: 0.3238
INFO:aural_travels.train.classifier:Epoch 10/24
INFO:aural_travels.train.classifier:training loss: 1.5321 acc: 0.4885
INFO:aural_travels.train.classifier:validation loss: 2.0996 acc: 0.3446
INFO:aural_travels.train.classifier:Epoch 11/24
INFO:aural_travels.train.classifier:training loss: 1.4869 acc: 0.4933
INFO:aural_travels.train.classifier:validation loss: 2.1613 acc: 0.3264
INFO:aural_travels.train.classifier:Epoch 12/24
INFO:aural_travels.train.classifier:training loss: 1.4486 acc: 0.5070
INFO:aural_travels.train.classifier:validation loss: 2.2070 acc: 0.3005
INFO:aural_travels.train.classifier:Epoch 13/24
INFO:aural_travels.train.classifier:training loss: 1.4247 acc: 0.5125
INFO:aural_travels.train.classifier:validation loss: 2.1907 acc: 0.3264
INFO:aural_travels.train.classifier:Epoch 14/24
INFO:aural_travels.train.classifier:training loss: 1.4272 acc: 0.5229
INFO:aural_travels.train.classifier:validation loss: 2.2578 acc: 0.3420
INFO:aural_travels.train.classifier:Epoch 15/24
INFO:aural_travels.train.classifier:training loss: 1.3757 acc: 0.5342
INFO:aural_travels.train.classifier:validation loss: 2.2900 acc: 0.3264
INFO:aural_travels.train.classifier:Epoch 16/24
INFO:aural_travels.train.classifier:training loss: 1.3061 acc: 0.5482
INFO:aural_travels.train.classifier:validation loss: 2.3517 acc: 0.3212
INFO:aural_travels.train.classifier:Epoch 17/24
INFO:aural_travels.train.classifier:training loss: 1.3042 acc: 0.5550
INFO:aural_travels.train.classifier:validation loss: 2.3838 acc: 0.3187
INFO:aural_travels.train.classifier:Epoch 18/24
INFO:aural_travels.train.classifier:training loss: 1.2578 acc: 0.5586
INFO:aural_travels.train.classifier:validation loss: 2.3785 acc: 0.3083
INFO:aural_travels.train.classifier:Epoch 19/24
INFO:aural_travels.train.classifier:training loss: 1.2454 acc: 0.5641
INFO:aural_travels.train.classifier:validation loss: 2.4852 acc: 0.3057
INFO:aural_travels.train.classifier:Epoch 20/24
INFO:aural_travels.train.classifier:training loss: 1.1878 acc: 0.5846
INFO:aural_travels.train.classifier:validation loss: 2.4973 acc: 0.3368
INFO:aural_travels.train.classifier:Epoch 21/24
INFO:aural_travels.train.classifier:training loss: 1.1983 acc: 0.5923
INFO:aural_travels.train.classifier:validation loss: 2.5368 acc: 0.3420
INFO:aural_travels.train.classifier:Epoch 22/24
INFO:aural_travels.train.classifier:training loss: 1.1184 acc: 0.6069
INFO:aural_travels.train.classifier:validation loss: 2.6036 acc: 0.3264
INFO:aural_travels.train.classifier:Epoch 23/24
INFO:aural_travels.train.classifier:training loss: 1.1292 acc: 0.6095
INFO:aural_travels.train.classifier:validation loss: 2.6523 acc: 0.3135
INFO:aural_travels.train.classifier:Epoch 24/24
INFO:aural_travels.train.classifier:training loss: 1.0967 acc: 0.6287
INFO:aural_travels.train.classifier:validation loss: 2.6717 acc: 0.2824
INFO:aural_travels.train.classifier:Training complete in 2m6s
INFO:aural_travels.train.classifier:Best validation acc: 0.373057
INFO:__main__:Model name: alexnet
INFO:__main__:Number of trainable parameters: 57069392
INFO:aural_travels.train.classifier:Epoch 0/24
INFO:aural_travels.train.classifier:training loss: 2.2968 acc: 0.2928
INFO:aural_travels.train.classifier:validation loss: 2.0162 acc: 0.3472
INFO:aural_travels.train.classifier:Epoch 1/24
INFO:aural_travels.train.classifier:training loss: 1.9603 acc: 0.3778
INFO:aural_travels.train.classifier:validation loss: 1.9748 acc: 0.3653
INFO:aural_travels.train.classifier:Epoch 2/24
INFO:aural_travels.train.classifier:training loss: 1.8750 acc: 0.3853
INFO:aural_travels.train.classifier:validation loss: 1.9732 acc: 0.3731
INFO:aural_travels.train.classifier:Epoch 3/24
INFO:aural_travels.train.classifier:training loss: 1.8105 acc: 0.4047
INFO:aural_travels.train.classifier:validation loss: 1.9706 acc: 0.3601
INFO:aural_travels.train.classifier:Epoch 4/24
INFO:aural_travels.train.classifier:training loss: 1.7598 acc: 0.4239
INFO:aural_travels.train.classifier:validation loss: 1.9932 acc: 0.3497
INFO:aural_travels.train.classifier:Epoch 5/24
INFO:aural_travels.train.classifier:training loss: 1.7099 acc: 0.4398
INFO:aural_travels.train.classifier:validation loss: 2.0296 acc: 0.3238
INFO:aural_travels.train.classifier:Epoch 6/24
INFO:aural_travels.train.classifier:training loss: 1.6912 acc: 0.4372
INFO:aural_travels.train.classifier:validation loss: 2.0475 acc: 0.3420
INFO:aural_travels.train.classifier:Epoch 7/24
INFO:aural_travels.train.classifier:training loss: 1.6205 acc: 0.4554
INFO:aural_travels.train.classifier:validation loss: 2.0828 acc: 0.3549
INFO:aural_travels.train.classifier:Epoch 8/24
INFO:aural_travels.train.classifier:training loss: 1.6099 acc: 0.4658
INFO:aural_travels.train.classifier:validation loss: 2.1085 acc: 0.3394
INFO:aural_travels.train.classifier:Epoch 9/24
INFO:aural_travels.train.classifier:training loss: 1.5627 acc: 0.4807
INFO:aural_travels.train.classifier:validation loss: 2.1105 acc: 0.3523
INFO:aural_travels.train.classifier:Epoch 10/24
INFO:aural_travels.train.classifier:training loss: 1.5221 acc: 0.4865
INFO:aural_travels.train.classifier:validation loss: 2.1884 acc: 0.3264
INFO:aural_travels.train.classifier:Epoch 11/24
INFO:aural_travels.train.classifier:training loss: 1.4816 acc: 0.4963
INFO:aural_travels.train.classifier:validation loss: 2.1746 acc: 0.3057
INFO:aural_travels.train.classifier:Epoch 12/24
INFO:aural_travels.train.classifier:training loss: 1.4839 acc: 0.5050
INFO:aural_travels.train.classifier:validation loss: 2.1925 acc: 0.3057
INFO:aural_travels.train.classifier:Epoch 13/24
INFO:aural_travels.train.classifier:training loss: 1.4438 acc: 0.5131
INFO:aural_travels.train.classifier:validation loss: 2.2291 acc: 0.3368
INFO:aural_travels.train.classifier:Epoch 14/24
INFO:aural_travels.train.classifier:training loss: 1.3955 acc: 0.5242
INFO:aural_travels.train.classifier:validation loss: 2.2586 acc: 0.3472
INFO:aural_travels.train.classifier:Epoch 15/24
INFO:aural_travels.train.classifier:training loss: 1.3536 acc: 0.5372
INFO:aural_travels.train.classifier:validation loss: 2.2890 acc: 0.3135
INFO:aural_travels.train.classifier:Epoch 16/24
INFO:aural_travels.train.classifier:training loss: 1.2996 acc: 0.5566
INFO:aural_travels.train.classifier:validation loss: 2.3649 acc: 0.3161
INFO:aural_travels.train.classifier:Epoch 17/24
INFO:aural_travels.train.classifier:training loss: 1.3010 acc: 0.5553
INFO:aural_travels.train.classifier:validation loss: 2.3934 acc: 0.3187
INFO:aural_travels.train.classifier:Epoch 18/24
INFO:aural_travels.train.classifier:training loss: 1.2329 acc: 0.5660
INFO:aural_travels.train.classifier:validation loss: 2.4553 acc: 0.3342
INFO:aural_travels.train.classifier:Epoch 19/24
INFO:aural_travels.train.classifier:training loss: 1.1905 acc: 0.5884
INFO:aural_travels.train.classifier:validation loss: 2.5374 acc: 0.3135
INFO:aural_travels.train.classifier:Epoch 20/24
INFO:aural_travels.train.classifier:training loss: 1.1523 acc: 0.6118
INFO:aural_travels.train.classifier:validation loss: 2.4775 acc: 0.3316
INFO:aural_travels.train.classifier:Epoch 21/24
INFO:aural_travels.train.classifier:training loss: 1.1454 acc: 0.6073
INFO:aural_travels.train.classifier:validation loss: 2.6570 acc: 0.3083
INFO:aural_travels.train.classifier:Epoch 22/24
INFO:aural_travels.train.classifier:training loss: 1.1803 acc: 0.5878
INFO:aural_travels.train.classifier:validation loss: 2.5703 acc: 0.3005
INFO:aural_travels.train.classifier:Epoch 23/24
INFO:aural_travels.train.classifier:training loss: 1.0866 acc: 0.6177
INFO:aural_travels.train.classifier:validation loss: 2.6213 acc: 0.2979
INFO:aural_travels.train.classifier:Epoch 24/24
INFO:aural_travels.train.classifier:training loss: 1.1150 acc: 0.6131
INFO:aural_travels.train.classifier:validation loss: 2.5309 acc: 0.3083
INFO:aural_travels.train.classifier:Training complete in 2m7s
INFO:aural_travels.train.classifier:Best validation acc: 0.373057
INFO:__main__:Model name: alexnet
INFO:__main__:Number of trainable parameters: 57069392
INFO:aural_travels.train.classifier:Epoch 0/24
INFO:aural_travels.train.classifier:training loss: 2.2922 acc: 0.2892
INFO:aural_travels.train.classifier:validation loss: 1.9886 acc: 0.3782
INFO:aural_travels.train.classifier:Epoch 1/24
INFO:aural_travels.train.classifier:training loss: 1.9459 acc: 0.3661
INFO:aural_travels.train.classifier:validation loss: 1.9666 acc: 0.3679
INFO:aural_travels.train.classifier:Epoch 2/24
INFO:aural_travels.train.classifier:training loss: 1.8574 acc: 0.3892
INFO:aural_travels.train.classifier:validation loss: 1.9507 acc: 0.3523
INFO:aural_travels.train.classifier:Epoch 3/24
INFO:aural_travels.train.classifier:training loss: 1.8037 acc: 0.4099
INFO:aural_travels.train.classifier:validation loss: 1.9420 acc: 0.3549
INFO:aural_travels.train.classifier:Epoch 4/24
INFO:aural_travels.train.classifier:training loss: 1.7477 acc: 0.4177
INFO:aural_travels.train.classifier:validation loss: 1.9782 acc: 0.3497
INFO:aural_travels.train.classifier:Epoch 5/24
INFO:aural_travels.train.classifier:training loss: 1.7029 acc: 0.4460
INFO:aural_travels.train.classifier:validation loss: 2.0009 acc: 0.3290
INFO:aural_travels.train.classifier:Epoch 6/24
INFO:aural_travels.train.classifier:training loss: 1.6739 acc: 0.4479
INFO:aural_travels.train.classifier:validation loss: 2.0376 acc: 0.3187
INFO:aural_travels.train.classifier:Epoch 7/24
INFO:aural_travels.train.classifier:training loss: 1.6386 acc: 0.4602
INFO:aural_travels.train.classifier:validation loss: 2.0462 acc: 0.3083
INFO:aural_travels.train.classifier:Epoch 8/24
INFO:aural_travels.train.classifier:training loss: 1.5816 acc: 0.4778
INFO:aural_travels.train.classifier:validation loss: 2.0671 acc: 0.3212
INFO:aural_travels.train.classifier:Epoch 9/24
INFO:aural_travels.train.classifier:training loss: 1.5413 acc: 0.4823
INFO:aural_travels.train.classifier:validation loss: 2.0954 acc: 0.3290
INFO:aural_travels.train.classifier:Epoch 10/24
INFO:aural_travels.train.classifier:training loss: 1.5190 acc: 0.4843
INFO:aural_travels.train.classifier:validation loss: 2.1385 acc: 0.3264
INFO:aural_travels.train.classifier:Epoch 11/24
INFO:aural_travels.train.classifier:training loss: 1.4511 acc: 0.5044
INFO:aural_travels.train.classifier:validation loss: 2.1613 acc: 0.3135
INFO:aural_travels.train.classifier:Epoch 12/24
INFO:aural_travels.train.classifier:training loss: 1.4434 acc: 0.5115
INFO:aural_travels.train.classifier:validation loss: 2.2065 acc: 0.3316
INFO:aural_travels.train.classifier:Epoch 13/24
INFO:aural_travels.train.classifier:training loss: 1.4393 acc: 0.5057
INFO:aural_travels.train.classifier:validation loss: 2.2024 acc: 0.3446
INFO:aural_travels.train.classifier:Epoch 14/24
INFO:aural_travels.train.classifier:training loss: 1.4020 acc: 0.5213
INFO:aural_travels.train.classifier:validation loss: 2.2082 acc: 0.3394
INFO:aural_travels.train.classifier:Epoch 15/24
INFO:aural_travels.train.classifier:training loss: 1.3486 acc: 0.5381
INFO:aural_travels.train.classifier:validation loss: 2.2410 acc: 0.3290
INFO:aural_travels.train.classifier:Epoch 16/24
INFO:aural_travels.train.classifier:training loss: 1.3654 acc: 0.5336
INFO:aural_travels.train.classifier:validation loss: 2.2716 acc: 0.3109
INFO:aural_travels.train.classifier:Epoch 17/24
INFO:aural_travels.train.classifier:training loss: 1.2467 acc: 0.5761
INFO:aural_travels.train.classifier:validation loss: 2.3686 acc: 0.2850
INFO:aural_travels.train.classifier:Epoch 18/24
INFO:aural_travels.train.classifier:training loss: 1.2484 acc: 0.5670
INFO:aural_travels.train.classifier:validation loss: 2.3626 acc: 0.3264
INFO:aural_travels.train.classifier:Epoch 19/24
INFO:aural_travels.train.classifier:training loss: 1.1943 acc: 0.5878
INFO:aural_travels.train.classifier:validation loss: 2.4338 acc: 0.3135
INFO:aural_travels.train.classifier:Epoch 20/24
INFO:aural_travels.train.classifier:training loss: 1.1571 acc: 0.6011
INFO:aural_travels.train.classifier:validation loss: 2.4786 acc: 0.3161
INFO:aural_travels.train.classifier:Epoch 21/24
INFO:aural_travels.train.classifier:training loss: 1.1769 acc: 0.6115
INFO:aural_travels.train.classifier:validation loss: 2.5497 acc: 0.3264
INFO:aural_travels.train.classifier:Epoch 22/24
INFO:aural_travels.train.classifier:training loss: 1.1407 acc: 0.6125
INFO:aural_travels.train.classifier:validation loss: 2.5366 acc: 0.2979
INFO:aural_travels.train.classifier:Epoch 23/24
INFO:aural_travels.train.classifier:training loss: 1.1401 acc: 0.6167
INFO:aural_travels.train.classifier:validation loss: 2.5540 acc: 0.3368
INFO:aural_travels.train.classifier:Epoch 24/24
INFO:aural_travels.train.classifier:training loss: 1.1033 acc: 0.6196
INFO:aural_travels.train.classifier:validation loss: 2.6464 acc: 0.2979
INFO:aural_travels.train.classifier:Training complete in 2m6s
INFO:aural_travels.train.classifier:Best validation acc: 0.378238
INFO:__main__:Model name: vgg
INFO:__main__:Number of trainable parameters: 128837392
INFO:aural_travels.train.classifier:Epoch 0/24
INFO:aural_travels.train.classifier:training loss: 2.3499 acc: 0.2648
INFO:aural_travels.train.classifier:validation loss: 2.0127 acc: 0.3912
INFO:aural_travels.train.classifier:Epoch 1/24
INFO:aural_travels.train.classifier:training loss: 2.0088 acc: 0.3609
INFO:aural_travels.train.classifier:validation loss: 1.9399 acc: 0.3964
INFO:aural_travels.train.classifier:Epoch 2/24
INFO:aural_travels.train.classifier:training loss: 1.9430 acc: 0.3885
INFO:aural_travels.train.classifier:validation loss: 1.9170 acc: 0.3964
INFO:aural_travels.train.classifier:Epoch 3/24
INFO:aural_travels.train.classifier:training loss: 1.8981 acc: 0.3901
INFO:aural_travels.train.classifier:validation loss: 1.9089 acc: 0.3808
INFO:aural_travels.train.classifier:Epoch 4/24
INFO:aural_travels.train.classifier:training loss: 1.8651 acc: 0.3976
INFO:aural_travels.train.classifier:validation loss: 1.9120 acc: 0.3834
INFO:aural_travels.train.classifier:Epoch 5/24
INFO:aural_travels.train.classifier:training loss: 1.8209 acc: 0.4015
INFO:aural_travels.train.classifier:validation loss: 1.9009 acc: 0.3964
INFO:aural_travels.train.classifier:Epoch 6/24
INFO:aural_travels.train.classifier:training loss: 1.8000 acc: 0.4184
INFO:aural_travels.train.classifier:validation loss: 1.8975 acc: 0.3886
INFO:aural_travels.train.classifier:Epoch 7/24
INFO:aural_travels.train.classifier:training loss: 1.7776 acc: 0.4271
INFO:aural_travels.train.classifier:validation loss: 1.8900 acc: 0.3964
INFO:aural_travels.train.classifier:Epoch 8/24
INFO:aural_travels.train.classifier:training loss: 1.7464 acc: 0.4271
INFO:aural_travels.train.classifier:validation loss: 1.8976 acc: 0.3886
INFO:aural_travels.train.classifier:Epoch 9/24
INFO:aural_travels.train.classifier:training loss: 1.7291 acc: 0.4307
INFO:aural_travels.train.classifier:validation loss: 1.9038 acc: 0.3834
INFO:aural_travels.train.classifier:Epoch 10/24
INFO:aural_travels.train.classifier:training loss: 1.7050 acc: 0.4515
INFO:aural_travels.train.classifier:validation loss: 1.8937 acc: 0.3834
INFO:aural_travels.train.classifier:Epoch 11/24
INFO:aural_travels.train.classifier:training loss: 1.6867 acc: 0.4463
INFO:aural_travels.train.classifier:validation loss: 1.8869 acc: 0.3731
INFO:aural_travels.train.classifier:Epoch 12/24
INFO:aural_travels.train.classifier:training loss: 1.6635 acc: 0.4599
INFO:aural_travels.train.classifier:validation loss: 1.8858 acc: 0.3912
INFO:aural_travels.train.classifier:Epoch 13/24
INFO:aural_travels.train.classifier:training loss: 1.6390 acc: 0.4687
INFO:aural_travels.train.classifier:validation loss: 1.8913 acc: 0.3834
INFO:aural_travels.train.classifier:Epoch 14/24
INFO:aural_travels.train.classifier:training loss: 1.6241 acc: 0.4726
INFO:aural_travels.train.classifier:validation loss: 1.9006 acc: 0.3938
INFO:aural_travels.train.classifier:Epoch 15/24
INFO:aural_travels.train.classifier:training loss: 1.5931 acc: 0.4641
INFO:aural_travels.train.classifier:validation loss: 1.9243 acc: 0.3990
INFO:aural_travels.train.classifier:Epoch 16/24
INFO:aural_travels.train.classifier:training loss: 1.5697 acc: 0.4830
INFO:aural_travels.train.classifier:validation loss: 1.9183 acc: 0.3964
INFO:aural_travels.train.classifier:Epoch 17/24
INFO:aural_travels.train.classifier:training loss: 1.5573 acc: 0.4882
INFO:aural_travels.train.classifier:validation loss: 1.9176 acc: 0.3834
INFO:aural_travels.train.classifier:Epoch 18/24
INFO:aural_travels.train.classifier:training loss: 1.5199 acc: 0.4956
INFO:aural_travels.train.classifier:validation loss: 1.9230 acc: 0.3834
INFO:aural_travels.train.classifier:Epoch 19/24
INFO:aural_travels.train.classifier:training loss: 1.5022 acc: 0.5037
INFO:aural_travels.train.classifier:validation loss: 1.9249 acc: 0.3782
INFO:aural_travels.train.classifier:Epoch 20/24
INFO:aural_travels.train.classifier:training loss: 1.5005 acc: 0.5093
INFO:aural_travels.train.classifier:validation loss: 1.9222 acc: 0.3938
INFO:aural_travels.train.classifier:Epoch 21/24
INFO:aural_travels.train.classifier:training loss: 1.4570 acc: 0.5203
INFO:aural_travels.train.classifier:validation loss: 1.9393 acc: 0.3912
INFO:aural_travels.train.classifier:Epoch 22/24
INFO:aural_travels.train.classifier:training loss: 1.4496 acc: 0.5190
INFO:aural_travels.train.classifier:validation loss: 1.9469 acc: 0.3886
INFO:aural_travels.train.classifier:Epoch 23/24
INFO:aural_travels.train.classifier:training loss: 1.4122 acc: 0.5313
INFO:aural_travels.train.classifier:validation loss: 1.9479 acc: 0.3860
INFO:aural_travels.train.classifier:Epoch 24/24
INFO:aural_travels.train.classifier:training loss: 1.4121 acc: 0.5342
INFO:aural_travels.train.classifier:validation loss: 1.9617 acc: 0.3964
INFO:aural_travels.train.classifier:Training complete in 4m19s
INFO:aural_travels.train.classifier:Best validation acc: 0.398964
INFO:__main__:Model name: vgg
INFO:__main__:Number of trainable parameters: 128837392
INFO:aural_travels.train.classifier:Epoch 0/24
INFO:aural_travels.train.classifier:training loss: 2.3035 acc: 0.2986
INFO:aural_travels.train.classifier:validation loss: 1.9997 acc: 0.3679
INFO:aural_travels.train.classifier:Epoch 1/24
INFO:aural_travels.train.classifier:training loss: 2.0097 acc: 0.3677
INFO:aural_travels.train.classifier:validation loss: 1.9257 acc: 0.3782
INFO:aural_travels.train.classifier:Epoch 2/24
INFO:aural_travels.train.classifier:training loss: 1.9400 acc: 0.3791
INFO:aural_travels.train.classifier:validation loss: 1.9085 acc: 0.3705
INFO:aural_travels.train.classifier:Epoch 3/24
INFO:aural_travels.train.classifier:training loss: 1.9000 acc: 0.3976
INFO:aural_travels.train.classifier:validation loss: 1.9035 acc: 0.3756
INFO:aural_travels.train.classifier:Epoch 4/24
INFO:aural_travels.train.classifier:training loss: 1.8607 acc: 0.3995
INFO:aural_travels.train.classifier:validation loss: 1.8927 acc: 0.3756
INFO:aural_travels.train.classifier:Epoch 5/24
INFO:aural_travels.train.classifier:training loss: 1.8201 acc: 0.4142
INFO:aural_travels.train.classifier:validation loss: 1.8902 acc: 0.3834
INFO:aural_travels.train.classifier:Epoch 6/24
INFO:aural_travels.train.classifier:training loss: 1.7984 acc: 0.4193
INFO:aural_travels.train.classifier:validation loss: 1.8832 acc: 0.3731
INFO:aural_travels.train.classifier:Epoch 7/24
INFO:aural_travels.train.classifier:training loss: 1.7703 acc: 0.4223
INFO:aural_travels.train.classifier:validation loss: 1.8877 acc: 0.3782
INFO:aural_travels.train.classifier:Epoch 8/24
INFO:aural_travels.train.classifier:training loss: 1.7490 acc: 0.4340
INFO:aural_travels.train.classifier:validation loss: 1.8738 acc: 0.3834
INFO:aural_travels.train.classifier:Epoch 9/24
INFO:aural_travels.train.classifier:training loss: 1.7190 acc: 0.4414
INFO:aural_travels.train.classifier:validation loss: 1.8739 acc: 0.3834
INFO:aural_travels.train.classifier:Epoch 10/24
INFO:aural_travels.train.classifier:training loss: 1.6930 acc: 0.4544
INFO:aural_travels.train.classifier:validation loss: 1.8841 acc: 0.3834
INFO:aural_travels.train.classifier:Epoch 11/24
INFO:aural_travels.train.classifier:training loss: 1.6658 acc: 0.4606
INFO:aural_travels.train.classifier:validation loss: 1.8898 acc: 0.3860
INFO:aural_travels.train.classifier:Epoch 12/24
INFO:aural_travels.train.classifier:training loss: 1.6477 acc: 0.4693
INFO:aural_travels.train.classifier:validation loss: 1.9065 acc: 0.3756
INFO:aural_travels.train.classifier:Epoch 13/24
INFO:aural_travels.train.classifier:training loss: 1.6276 acc: 0.4739
INFO:aural_travels.train.classifier:validation loss: 1.9036 acc: 0.3756
INFO:aural_travels.train.classifier:Epoch 14/24
INFO:aural_travels.train.classifier:training loss: 1.5957 acc: 0.4778
INFO:aural_travels.train.classifier:validation loss: 1.9004 acc: 0.3886
INFO:aural_travels.train.classifier:Epoch 15/24
INFO:aural_travels.train.classifier:training loss: 1.5856 acc: 0.4862
INFO:aural_travels.train.classifier:validation loss: 1.9135 acc: 0.3912
INFO:aural_travels.train.classifier:Epoch 16/24
INFO:aural_travels.train.classifier:training loss: 1.5728 acc: 0.4839
INFO:aural_travels.train.classifier:validation loss: 1.9207 acc: 0.3808
INFO:aural_travels.train.classifier:Epoch 17/24
INFO:aural_travels.train.classifier:training loss: 1.5356 acc: 0.4843
INFO:aural_travels.train.classifier:validation loss: 1.9141 acc: 0.3834
INFO:aural_travels.train.classifier:Epoch 18/24
INFO:aural_travels.train.classifier:training loss: 1.5266 acc: 0.5021
INFO:aural_travels.train.classifier:validation loss: 1.9220 acc: 0.3860
INFO:aural_travels.train.classifier:Epoch 19/24
INFO:aural_travels.train.classifier:training loss: 1.5132 acc: 0.5063
INFO:aural_travels.train.classifier:validation loss: 1.9183 acc: 0.3834
INFO:aural_travels.train.classifier:Epoch 20/24
INFO:aural_travels.train.classifier:training loss: 1.4844 acc: 0.5096
INFO:aural_travels.train.classifier:validation loss: 1.9335 acc: 0.3834
INFO:aural_travels.train.classifier:Epoch 21/24
INFO:aural_travels.train.classifier:training loss: 1.4633 acc: 0.5154
INFO:aural_travels.train.classifier:validation loss: 1.9413 acc: 0.3938
INFO:aural_travels.train.classifier:Epoch 22/24
INFO:aural_travels.train.classifier:training loss: 1.4203 acc: 0.5235
INFO:aural_travels.train.classifier:validation loss: 1.9516 acc: 0.3964
INFO:aural_travels.train.classifier:Epoch 23/24
INFO:aural_travels.train.classifier:training loss: 1.4400 acc: 0.5268
INFO:aural_travels.train.classifier:validation loss: 1.9669 acc: 0.3938
INFO:aural_travels.train.classifier:Epoch 24/24
INFO:aural_travels.train.classifier:training loss: 1.3885 acc: 0.5381
INFO:aural_travels.train.classifier:validation loss: 1.9695 acc: 0.3860
INFO:aural_travels.train.classifier:Training complete in 4m19s
INFO:aural_travels.train.classifier:Best validation acc: 0.396373
INFO:__main__:Model name: vgg
INFO:__main__:Number of trainable parameters: 128837392
INFO:aural_travels.train.classifier:Epoch 0/24
INFO:aural_travels.train.classifier:training loss: 2.3626 acc: 0.2632
INFO:aural_travels.train.classifier:validation loss: 2.0117 acc: 0.3834
INFO:aural_travels.train.classifier:Epoch 1/24
INFO:aural_travels.train.classifier:training loss: 2.0198 acc: 0.3629
INFO:aural_travels.train.classifier:validation loss: 1.9444 acc: 0.3964
INFO:aural_travels.train.classifier:Epoch 2/24
INFO:aural_travels.train.classifier:training loss: 1.9590 acc: 0.3801
INFO:aural_travels.train.classifier:validation loss: 1.9302 acc: 0.4016
INFO:aural_travels.train.classifier:Epoch 3/24
INFO:aural_travels.train.classifier:training loss: 1.8981 acc: 0.3905
INFO:aural_travels.train.classifier:validation loss: 1.9077 acc: 0.3964
INFO:aural_travels.train.classifier:Epoch 4/24
INFO:aural_travels.train.classifier:training loss: 1.8622 acc: 0.3947
INFO:aural_travels.train.classifier:validation loss: 1.9045 acc: 0.4016
INFO:aural_travels.train.classifier:Epoch 5/24
INFO:aural_travels.train.classifier:training loss: 1.8375 acc: 0.4008
INFO:aural_travels.train.classifier:validation loss: 1.8939 acc: 0.4016
INFO:aural_travels.train.classifier:Epoch 6/24
INFO:aural_travels.train.classifier:training loss: 1.8072 acc: 0.4135
INFO:aural_travels.train.classifier:validation loss: 1.8934 acc: 0.3938
INFO:aural_travels.train.classifier:Epoch 7/24
INFO:aural_travels.train.classifier:training loss: 1.7672 acc: 0.4281
INFO:aural_travels.train.classifier:validation loss: 1.8813 acc: 0.3990
INFO:aural_travels.train.classifier:Epoch 8/24
INFO:aural_travels.train.classifier:training loss: 1.7432 acc: 0.4310
INFO:aural_travels.train.classifier:validation loss: 1.8748 acc: 0.3886
INFO:aural_travels.train.classifier:Epoch 9/24
INFO:aural_travels.train.classifier:training loss: 1.7272 acc: 0.4398
INFO:aural_travels.train.classifier:validation loss: 1.8802 acc: 0.3808
INFO:aural_travels.train.classifier:Epoch 10/24
INFO:aural_travels.train.classifier:training loss: 1.6883 acc: 0.4534
INFO:aural_travels.train.classifier:validation loss: 1.8855 acc: 0.3834
INFO:aural_travels.train.classifier:Epoch 11/24
INFO:aural_travels.train.classifier:training loss: 1.6639 acc: 0.4580
INFO:aural_travels.train.classifier:validation loss: 1.8848 acc: 0.3808
INFO:aural_travels.train.classifier:Epoch 12/24
INFO:aural_travels.train.classifier:training loss: 1.6606 acc: 0.4534
INFO:aural_travels.train.classifier:validation loss: 1.8702 acc: 0.3860
INFO:aural_travels.train.classifier:Epoch 13/24
INFO:aural_travels.train.classifier:training loss: 1.6451 acc: 0.4609
INFO:aural_travels.train.classifier:validation loss: 1.8794 acc: 0.3782
INFO:aural_travels.train.classifier:Epoch 14/24
INFO:aural_travels.train.classifier:training loss: 1.6132 acc: 0.4576
INFO:aural_travels.train.classifier:validation loss: 1.8841 acc: 0.3834
INFO:aural_travels.train.classifier:Epoch 15/24
INFO:aural_travels.train.classifier:training loss: 1.5920 acc: 0.4674
INFO:aural_travels.train.classifier:validation loss: 1.8929 acc: 0.3679
INFO:aural_travels.train.classifier:Epoch 16/24
INFO:aural_travels.train.classifier:training loss: 1.5755 acc: 0.4817
INFO:aural_travels.train.classifier:validation loss: 1.8886 acc: 0.3860
INFO:aural_travels.train.classifier:Epoch 17/24
INFO:aural_travels.train.classifier:training loss: 1.5411 acc: 0.4946
INFO:aural_travels.train.classifier:validation loss: 1.8945 acc: 0.3860
INFO:aural_travels.train.classifier:Epoch 18/24
INFO:aural_travels.train.classifier:training loss: 1.5137 acc: 0.5024
INFO:aural_travels.train.classifier:validation loss: 1.9048 acc: 0.3886
INFO:aural_travels.train.classifier:Epoch 19/24
INFO:aural_travels.train.classifier:training loss: 1.5078 acc: 0.5024
INFO:aural_travels.train.classifier:validation loss: 1.9179 acc: 0.3756
INFO:aural_travels.train.classifier:Epoch 20/24
INFO:aural_travels.train.classifier:training loss: 1.4946 acc: 0.4976
INFO:aural_travels.train.classifier:validation loss: 1.9314 acc: 0.3808
INFO:aural_travels.train.classifier:Epoch 21/24
INFO:aural_travels.train.classifier:training loss: 1.4733 acc: 0.5099
INFO:aural_travels.train.classifier:validation loss: 1.9346 acc: 0.3808
INFO:aural_travels.train.classifier:Epoch 22/24
INFO:aural_travels.train.classifier:training loss: 1.4496 acc: 0.5144
INFO:aural_travels.train.classifier:validation loss: 1.9254 acc: 0.3886
INFO:aural_travels.train.classifier:Epoch 23/24
INFO:aural_travels.train.classifier:training loss: 1.4331 acc: 0.5271
INFO:aural_travels.train.classifier:validation loss: 1.9678 acc: 0.3834
INFO:aural_travels.train.classifier:Epoch 24/24
INFO:aural_travels.train.classifier:training loss: 1.4013 acc: 0.5271
INFO:aural_travels.train.classifier:validation loss: 1.9604 acc: 0.3834
INFO:aural_travels.train.classifier:Training complete in 4m20s
INFO:aural_travels.train.classifier:Best validation acc: 0.401554
INFO:__main__:Model name: squeezenet
INFO:__main__:Number of trainable parameters: 743632
INFO:aural_travels.train.classifier:Epoch 0/24
INFO:aural_travels.train.classifier:training loss: 2.3307 acc: 0.2996
INFO:aural_travels.train.classifier:validation loss: 2.1222 acc: 0.3497
INFO:aural_travels.train.classifier:Epoch 1/24
INFO:aural_travels.train.classifier:training loss: 2.0710 acc: 0.3457
INFO:aural_travels.train.classifier:validation loss: 2.0470 acc: 0.3497
INFO:aural_travels.train.classifier:Epoch 2/24
INFO:aural_travels.train.classifier:training loss: 2.0271 acc: 0.3564
INFO:aural_travels.train.classifier:validation loss: 2.0466 acc: 0.3523
INFO:aural_travels.train.classifier:Epoch 3/24
INFO:aural_travels.train.classifier:training loss: 2.0054 acc: 0.3518
INFO:aural_travels.train.classifier:validation loss: 2.0303 acc: 0.3575
INFO:aural_travels.train.classifier:Epoch 4/24
INFO:aural_travels.train.classifier:training loss: 1.9784 acc: 0.3619
INFO:aural_travels.train.classifier:validation loss: 2.0116 acc: 0.3627
INFO:aural_travels.train.classifier:Epoch 5/24
INFO:aural_travels.train.classifier:training loss: 1.9422 acc: 0.3843
INFO:aural_travels.train.classifier:validation loss: 2.0303 acc: 0.3705
INFO:aural_travels.train.classifier:Epoch 6/24
INFO:aural_travels.train.classifier:training loss: 1.9242 acc: 0.3801
INFO:aural_travels.train.classifier:validation loss: 2.0565 acc: 0.3394
INFO:aural_travels.train.classifier:Epoch 7/24
INFO:aural_travels.train.classifier:training loss: 1.9230 acc: 0.3759
INFO:aural_travels.train.classifier:validation loss: 2.0709 acc: 0.3627
INFO:aural_travels.train.classifier:Epoch 8/24
INFO:aural_travels.train.classifier:training loss: 1.9056 acc: 0.3804
INFO:aural_travels.train.classifier:validation loss: 2.0215 acc: 0.3472
INFO:aural_travels.train.classifier:Epoch 9/24
INFO:aural_travels.train.classifier:training loss: 1.8960 acc: 0.3836
INFO:aural_travels.train.classifier:validation loss: 2.0474 acc: 0.3238
INFO:aural_travels.train.classifier:Epoch 10/24
INFO:aural_travels.train.classifier:training loss: 1.8800 acc: 0.3775
INFO:aural_travels.train.classifier:validation loss: 2.0501 acc: 0.3523
INFO:aural_travels.train.classifier:Epoch 11/24
INFO:aural_travels.train.classifier:training loss: 1.8727 acc: 0.3830
INFO:aural_travels.train.classifier:validation loss: 2.0014 acc: 0.3575
INFO:aural_travels.train.classifier:Epoch 12/24
INFO:aural_travels.train.classifier:training loss: 1.8546 acc: 0.4044
INFO:aural_travels.train.classifier:validation loss: 1.9805 acc: 0.3705
INFO:aural_travels.train.classifier:Epoch 13/24
INFO:aural_travels.train.classifier:training loss: 1.8333 acc: 0.3937
INFO:aural_travels.train.classifier:validation loss: 2.0407 acc: 0.3756
INFO:aural_travels.train.classifier:Epoch 14/24
INFO:aural_travels.train.classifier:training loss: 1.8646 acc: 0.3820
INFO:aural_travels.train.classifier:validation loss: 2.0160 acc: 0.3342
INFO:aural_travels.train.classifier:Epoch 15/24
INFO:aural_travels.train.classifier:training loss: 1.8469 acc: 0.4015
INFO:aural_travels.train.classifier:validation loss: 1.9896 acc: 0.3756
INFO:aural_travels.train.classifier:Epoch 16/24
INFO:aural_travels.train.classifier:training loss: 1.8096 acc: 0.4034
INFO:aural_travels.train.classifier:validation loss: 1.9940 acc: 0.3523
INFO:aural_travels.train.classifier:Epoch 17/24
INFO:aural_travels.train.classifier:training loss: 1.8144 acc: 0.4015
INFO:aural_travels.train.classifier:validation loss: 2.0061 acc: 0.3808
INFO:aural_travels.train.classifier:Epoch 18/24
INFO:aural_travels.train.classifier:training loss: 1.7835 acc: 0.4090
INFO:aural_travels.train.classifier:validation loss: 2.0388 acc: 0.3394
INFO:aural_travels.train.classifier:Epoch 19/24
INFO:aural_travels.train.classifier:training loss: 1.7779 acc: 0.4219
INFO:aural_travels.train.classifier:validation loss: 2.0216 acc: 0.3523
INFO:aural_travels.train.classifier:Epoch 20/24
INFO:aural_travels.train.classifier:training loss: 1.7645 acc: 0.4164
INFO:aural_travels.train.classifier:validation loss: 2.0199 acc: 0.3342
INFO:aural_travels.train.classifier:Epoch 21/24
INFO:aural_travels.train.classifier:training loss: 1.7693 acc: 0.4161
INFO:aural_travels.train.classifier:validation loss: 2.0363 acc: 0.3756
INFO:aural_travels.train.classifier:Epoch 22/24
INFO:aural_travels.train.classifier:training loss: 1.7592 acc: 0.4145
INFO:aural_travels.train.classifier:validation loss: 2.0463 acc: 0.3446
INFO:aural_travels.train.classifier:Epoch 23/24
INFO:aural_travels.train.classifier:training loss: 1.7647 acc: 0.4103
INFO:aural_travels.train.classifier:validation loss: 2.0048 acc: 0.3575
INFO:aural_travels.train.classifier:Epoch 24/24
INFO:aural_travels.train.classifier:training loss: 1.7309 acc: 0.4239
INFO:aural_travels.train.classifier:validation loss: 2.0282 acc: 0.3731
INFO:aural_travels.train.classifier:Training complete in 2m46s
INFO:aural_travels.train.classifier:Best validation acc: 0.380829
INFO:__main__:Model name: squeezenet
INFO:__main__:Number of trainable parameters: 743632
INFO:aural_travels.train.classifier:Epoch 0/24
INFO:aural_travels.train.classifier:training loss: 2.3196 acc: 0.2801
INFO:aural_travels.train.classifier:validation loss: 2.1268 acc: 0.3601
INFO:aural_travels.train.classifier:Epoch 1/24
INFO:aural_travels.train.classifier:training loss: 2.0898 acc: 0.3466
INFO:aural_travels.train.classifier:validation loss: 2.0927 acc: 0.3653
INFO:aural_travels.train.classifier:Epoch 2/24
INFO:aural_travels.train.classifier:training loss: 2.0484 acc: 0.3522
INFO:aural_travels.train.classifier:validation loss: 2.0575 acc: 0.3679
INFO:aural_travels.train.classifier:Epoch 3/24
INFO:aural_travels.train.classifier:training loss: 2.0191 acc: 0.3616
INFO:aural_travels.train.classifier:validation loss: 2.0289 acc: 0.3653
INFO:aural_travels.train.classifier:Epoch 4/24
INFO:aural_travels.train.classifier:training loss: 1.9771 acc: 0.3684
INFO:aural_travels.train.classifier:validation loss: 2.0226 acc: 0.3938
INFO:aural_travels.train.classifier:Epoch 5/24
INFO:aural_travels.train.classifier:training loss: 1.9481 acc: 0.3749
INFO:aural_travels.train.classifier:validation loss: 2.0311 acc: 0.3575
INFO:aural_travels.train.classifier:Epoch 6/24
INFO:aural_travels.train.classifier:training loss: 1.9338 acc: 0.3784
INFO:aural_travels.train.classifier:validation loss: 2.0488 acc: 0.3679
INFO:aural_travels.train.classifier:Epoch 7/24
INFO:aural_travels.train.classifier:training loss: 1.9077 acc: 0.3833
INFO:aural_travels.train.classifier:validation loss: 2.0286 acc: 0.3653
INFO:aural_travels.train.classifier:Epoch 8/24
INFO:aural_travels.train.classifier:training loss: 1.8867 acc: 0.3982
INFO:aural_travels.train.classifier:validation loss: 2.0409 acc: 0.3627
INFO:aural_travels.train.classifier:Epoch 9/24
INFO:aural_travels.train.classifier:training loss: 1.8870 acc: 0.3797
INFO:aural_travels.train.classifier:validation loss: 2.0131 acc: 0.3575
INFO:aural_travels.train.classifier:Epoch 10/24
INFO:aural_travels.train.classifier:training loss: 1.8811 acc: 0.3882
INFO:aural_travels.train.classifier:validation loss: 2.0283 acc: 0.3497
INFO:aural_travels.train.classifier:Epoch 11/24
INFO:aural_travels.train.classifier:training loss: 1.8525 acc: 0.3966
INFO:aural_travels.train.classifier:validation loss: 2.0150 acc: 0.3886
INFO:aural_travels.train.classifier:Epoch 12/24
INFO:aural_travels.train.classifier:training loss: 1.8341 acc: 0.4099
INFO:aural_travels.train.classifier:validation loss: 2.0287 acc: 0.3756
INFO:aural_travels.train.classifier:Epoch 13/24
INFO:aural_travels.train.classifier:training loss: 1.8354 acc: 0.4015
INFO:aural_travels.train.classifier:validation loss: 2.0763 acc: 0.3523
INFO:aural_travels.train.classifier:Epoch 14/24
INFO:aural_travels.train.classifier:training loss: 1.8282 acc: 0.4103
INFO:aural_travels.train.classifier:validation loss: 2.0009 acc: 0.3782
INFO:aural_travels.train.classifier:Epoch 15/24
INFO:aural_travels.train.classifier:training loss: 1.8024 acc: 0.4158
INFO:aural_travels.train.classifier:validation loss: 2.0312 acc: 0.3627
INFO:aural_travels.train.classifier:Epoch 16/24
INFO:aural_travels.train.classifier:training loss: 1.7854 acc: 0.4262
INFO:aural_travels.train.classifier:validation loss: 2.0272 acc: 0.3705
INFO:aural_travels.train.classifier:Epoch 17/24
INFO:aural_travels.train.classifier:training loss: 1.7731 acc: 0.4086
INFO:aural_travels.train.classifier:validation loss: 2.0077 acc: 0.3497
INFO:aural_travels.train.classifier:Epoch 18/24
INFO:aural_travels.train.classifier:training loss: 1.7781 acc: 0.4200
INFO:aural_travels.train.classifier:validation loss: 2.0465 acc: 0.3523
INFO:aural_travels.train.classifier:Epoch 19/24
INFO:aural_travels.train.classifier:training loss: 1.7613 acc: 0.4304
INFO:aural_travels.train.classifier:validation loss: 2.0588 acc: 0.3161
INFO:aural_travels.train.classifier:Epoch 20/24
INFO:aural_travels.train.classifier:training loss: 1.7828 acc: 0.4106
INFO:aural_travels.train.classifier:validation loss: 2.0117 acc: 0.3731
INFO:aural_travels.train.classifier:Epoch 21/24
INFO:aural_travels.train.classifier:training loss: 1.7315 acc: 0.4271
INFO:aural_travels.train.classifier:validation loss: 2.0565 acc: 0.3446
INFO:aural_travels.train.classifier:Epoch 22/24
INFO:aural_travels.train.classifier:training loss: 1.7339 acc: 0.4362
INFO:aural_travels.train.classifier:validation loss: 2.0667 acc: 0.3627
INFO:aural_travels.train.classifier:Epoch 23/24
INFO:aural_travels.train.classifier:training loss: 1.7353 acc: 0.4275
INFO:aural_travels.train.classifier:validation loss: 2.0619 acc: 0.3523
INFO:aural_travels.train.classifier:Epoch 24/24
INFO:aural_travels.train.classifier:training loss: 1.7224 acc: 0.4356
INFO:aural_travels.train.classifier:validation loss: 2.0366 acc: 0.3497
INFO:aural_travels.train.classifier:Training complete in 2m45s
INFO:aural_travels.train.classifier:Best validation acc: 0.393782
INFO:__main__:Model name: squeezenet
INFO:__main__:Number of trainable parameters: 743632
INFO:aural_travels.train.classifier:Epoch 0/24
INFO:aural_travels.train.classifier:training loss: 2.2732 acc: 0.3100
INFO:aural_travels.train.classifier:validation loss: 2.0891 acc: 0.3420
INFO:aural_travels.train.classifier:Epoch 1/24
INFO:aural_travels.train.classifier:training loss: 2.0772 acc: 0.3463
INFO:aural_travels.train.classifier:validation loss: 2.0205 acc: 0.3782
INFO:aural_travels.train.classifier:Epoch 2/24
INFO:aural_travels.train.classifier:training loss: 2.0290 acc: 0.3619
INFO:aural_travels.train.classifier:validation loss: 2.0506 acc: 0.3446
INFO:aural_travels.train.classifier:Epoch 3/24
INFO:aural_travels.train.classifier:training loss: 2.0011 acc: 0.3622
INFO:aural_travels.train.classifier:validation loss: 2.0419 acc: 0.3601
INFO:aural_travels.train.classifier:Epoch 4/24
INFO:aural_travels.train.classifier:training loss: 1.9685 acc: 0.3684
INFO:aural_travels.train.classifier:validation loss: 2.0120 acc: 0.3679
INFO:aural_travels.train.classifier:Epoch 5/24
INFO:aural_travels.train.classifier:training loss: 1.9402 acc: 0.3762
INFO:aural_travels.train.classifier:validation loss: 1.9797 acc: 0.3731
INFO:aural_travels.train.classifier:Epoch 6/24
INFO:aural_travels.train.classifier:training loss: 1.9279 acc: 0.3755
INFO:aural_travels.train.classifier:validation loss: 2.0131 acc: 0.3627
INFO:aural_travels.train.classifier:Epoch 7/24
INFO:aural_travels.train.classifier:training loss: 1.9102 acc: 0.3820
INFO:aural_travels.train.classifier:validation loss: 1.9980 acc: 0.3653
INFO:aural_travels.train.classifier:Epoch 8/24
INFO:aural_travels.train.classifier:training loss: 1.9034 acc: 0.3875
INFO:aural_travels.train.classifier:validation loss: 1.9696 acc: 0.3756
INFO:aural_travels.train.classifier:Epoch 9/24
INFO:aural_travels.train.classifier:training loss: 1.8722 acc: 0.3966
INFO:aural_travels.train.classifier:validation loss: 1.9984 acc: 0.3420
INFO:aural_travels.train.classifier:Epoch 10/24
INFO:aural_travels.train.classifier:training loss: 1.8499 acc: 0.3995
INFO:aural_travels.train.classifier:validation loss: 2.0104 acc: 0.3653
INFO:aural_travels.train.classifier:Epoch 11/24
INFO:aural_travels.train.classifier:training loss: 1.8744 acc: 0.3853
INFO:aural_travels.train.classifier:validation loss: 2.0258 acc: 0.3549
INFO:aural_travels.train.classifier:Epoch 12/24
INFO:aural_travels.train.classifier:training loss: 1.8334 acc: 0.3927
INFO:aural_travels.train.classifier:validation loss: 2.0169 acc: 0.3523
INFO:aural_travels.train.classifier:Epoch 13/24
INFO:aural_travels.train.classifier:training loss: 1.8212 acc: 0.4047
INFO:aural_travels.train.classifier:validation loss: 1.9832 acc: 0.3601
INFO:aural_travels.train.classifier:Epoch 14/24
INFO:aural_travels.train.classifier:training loss: 1.7991 acc: 0.4041
INFO:aural_travels.train.classifier:validation loss: 2.0333 acc: 0.3627
INFO:aural_travels.train.classifier:Epoch 15/24
INFO:aural_travels.train.classifier:training loss: 1.7971 acc: 0.4116
INFO:aural_travels.train.classifier:validation loss: 2.0009 acc: 0.3679
INFO:aural_travels.train.classifier:Epoch 16/24
INFO:aural_travels.train.classifier:training loss: 1.7993 acc: 0.4125
INFO:aural_travels.train.classifier:validation loss: 1.9687 acc: 0.3653
INFO:aural_travels.train.classifier:Epoch 17/24
INFO:aural_travels.train.classifier:training loss: 1.7769 acc: 0.4177
INFO:aural_travels.train.classifier:validation loss: 2.0817 acc: 0.3627
INFO:aural_travels.train.classifier:Epoch 18/24
INFO:aural_travels.train.classifier:training loss: 1.7840 acc: 0.4044
INFO:aural_travels.train.classifier:validation loss: 2.0092 acc: 0.3964
INFO:aural_travels.train.classifier:Epoch 19/24
INFO:aural_travels.train.classifier:training loss: 1.7500 acc: 0.4229
INFO:aural_travels.train.classifier:validation loss: 2.0120 acc: 0.3497
INFO:aural_travels.train.classifier:Epoch 20/24
INFO:aural_travels.train.classifier:training loss: 1.7520 acc: 0.4203
INFO:aural_travels.train.classifier:validation loss: 2.0768 acc: 0.3472
INFO:aural_travels.train.classifier:Epoch 21/24
INFO:aural_travels.train.classifier:training loss: 1.7548 acc: 0.4239
INFO:aural_travels.train.classifier:validation loss: 1.9866 acc: 0.3731
INFO:aural_travels.train.classifier:Epoch 22/24
INFO:aural_travels.train.classifier:training loss: 1.7237 acc: 0.4294
INFO:aural_travels.train.classifier:validation loss: 2.0388 acc: 0.3705
INFO:aural_travels.train.classifier:Epoch 23/24
INFO:aural_travels.train.classifier:training loss: 1.7117 acc: 0.4304
INFO:aural_travels.train.classifier:validation loss: 2.0550 acc: 0.3523
INFO:aural_travels.train.classifier:Epoch 24/24
INFO:aural_travels.train.classifier:training loss: 1.7040 acc: 0.4401
INFO:aural_travels.train.classifier:validation loss: 2.0336 acc: 0.3497
INFO:aural_travels.train.classifier:Training complete in 2m45s
INFO:aural_travels.train.classifier:Best validation acc: 0.396373
INFO:__main__:Model name: densenet
INFO:__main__:Number of trainable parameters: 6970256
INFO:aural_travels.train.classifier:Epoch 0/24
INFO:aural_travels.train.classifier:training loss: 2.3089 acc: 0.2736
INFO:aural_travels.train.classifier:validation loss: 2.0734 acc: 0.3342
INFO:aural_travels.train.classifier:Epoch 1/24
INFO:aural_travels.train.classifier:training loss: 2.0233 acc: 0.3505
INFO:aural_travels.train.classifier:validation loss: 1.9711 acc: 0.3705
INFO:aural_travels.train.classifier:Epoch 2/24
INFO:aural_travels.train.classifier:training loss: 1.9126 acc: 0.3934
INFO:aural_travels.train.classifier:validation loss: 1.9519 acc: 0.3782
INFO:aural_travels.train.classifier:Epoch 3/24
INFO:aural_travels.train.classifier:training loss: 1.8730 acc: 0.3934
INFO:aural_travels.train.classifier:validation loss: 1.9321 acc: 0.3731
INFO:aural_travels.train.classifier:Epoch 4/24
INFO:aural_travels.train.classifier:training loss: 1.8283 acc: 0.4025
INFO:aural_travels.train.classifier:validation loss: 1.9128 acc: 0.3782
INFO:aural_travels.train.classifier:Epoch 5/24
INFO:aural_travels.train.classifier:training loss: 1.7789 acc: 0.4187
INFO:aural_travels.train.classifier:validation loss: 1.9135 acc: 0.3782
INFO:aural_travels.train.classifier:Epoch 6/24
INFO:aural_travels.train.classifier:training loss: 1.7354 acc: 0.4275
INFO:aural_travels.train.classifier:validation loss: 1.9184 acc: 0.3756
INFO:aural_travels.train.classifier:Epoch 7/24
INFO:aural_travels.train.classifier:training loss: 1.7018 acc: 0.4395
INFO:aural_travels.train.classifier:validation loss: 1.9072 acc: 0.3834
INFO:aural_travels.train.classifier:Epoch 8/24
INFO:aural_travels.train.classifier:training loss: 1.6620 acc: 0.4583
INFO:aural_travels.train.classifier:validation loss: 1.8919 acc: 0.3860
INFO:aural_travels.train.classifier:Epoch 9/24
INFO:aural_travels.train.classifier:training loss: 1.6323 acc: 0.4700
INFO:aural_travels.train.classifier:validation loss: 1.9065 acc: 0.3679
INFO:aural_travels.train.classifier:Epoch 10/24
INFO:aural_travels.train.classifier:training loss: 1.6089 acc: 0.4722
INFO:aural_travels.train.classifier:validation loss: 1.8986 acc: 0.3964
INFO:aural_travels.train.classifier:Epoch 11/24
INFO:aural_travels.train.classifier:training loss: 1.5543 acc: 0.4989
INFO:aural_travels.train.classifier:validation loss: 1.8851 acc: 0.3886
INFO:aural_travels.train.classifier:Epoch 12/24
INFO:aural_travels.train.classifier:training loss: 1.5346 acc: 0.4982
INFO:aural_travels.train.classifier:validation loss: 1.9027 acc: 0.4093
INFO:aural_travels.train.classifier:Epoch 13/24
INFO:aural_travels.train.classifier:training loss: 1.4883 acc: 0.5190
INFO:aural_travels.train.classifier:validation loss: 1.8943 acc: 0.3938
INFO:aural_travels.train.classifier:Epoch 14/24
INFO:aural_travels.train.classifier:training loss: 1.4496 acc: 0.5274
INFO:aural_travels.train.classifier:validation loss: 1.8983 acc: 0.3938
INFO:aural_travels.train.classifier:Epoch 15/24
INFO:aural_travels.train.classifier:training loss: 1.4207 acc: 0.5433
INFO:aural_travels.train.classifier:validation loss: 1.9240 acc: 0.4016
INFO:aural_travels.train.classifier:Epoch 16/24
INFO:aural_travels.train.classifier:training loss: 1.4109 acc: 0.5411
INFO:aural_travels.train.classifier:validation loss: 1.9240 acc: 0.4041
INFO:aural_travels.train.classifier:Epoch 17/24
INFO:aural_travels.train.classifier:training loss: 1.3693 acc: 0.5586
INFO:aural_travels.train.classifier:validation loss: 1.9369 acc: 0.3964
INFO:aural_travels.train.classifier:Epoch 18/24
INFO:aural_travels.train.classifier:training loss: 1.3230 acc: 0.5742
INFO:aural_travels.train.classifier:validation loss: 1.9480 acc: 0.3964
INFO:aural_travels.train.classifier:Epoch 19/24
INFO:aural_travels.train.classifier:training loss: 1.3100 acc: 0.5777
INFO:aural_travels.train.classifier:validation loss: 1.9747 acc: 0.3731
INFO:aural_travels.train.classifier:Epoch 20/24
INFO:aural_travels.train.classifier:training loss: 1.2515 acc: 0.6079
INFO:aural_travels.train.classifier:validation loss: 1.9851 acc: 0.3782
INFO:aural_travels.train.classifier:Epoch 21/24
INFO:aural_travels.train.classifier:training loss: 1.2199 acc: 0.6167
INFO:aural_travels.train.classifier:validation loss: 2.0078 acc: 0.3782
INFO:aural_travels.train.classifier:Epoch 22/24
INFO:aural_travels.train.classifier:training loss: 1.1849 acc: 0.6300
INFO:aural_travels.train.classifier:validation loss: 2.0060 acc: 0.3731
INFO:aural_travels.train.classifier:Epoch 23/24
INFO:aural_travels.train.classifier:training loss: 1.1628 acc: 0.6417
INFO:aural_travels.train.classifier:validation loss: 2.0418 acc: 0.3782
INFO:aural_travels.train.classifier:Epoch 24/24
INFO:aural_travels.train.classifier:training loss: 1.1196 acc: 0.6556
INFO:aural_travels.train.classifier:validation loss: 2.0494 acc: 0.3912
INFO:aural_travels.train.classifier:Training complete in 5m19s
INFO:aural_travels.train.classifier:Best validation acc: 0.409326
INFO:__main__:Model name: densenet
INFO:__main__:Number of trainable parameters: 6970256
INFO:aural_travels.train.classifier:Epoch 0/24
INFO:aural_travels.train.classifier:training loss: 2.3225 acc: 0.2759
INFO:aural_travels.train.classifier:validation loss: 2.0565 acc: 0.3109
INFO:aural_travels.train.classifier:Epoch 1/24
INFO:aural_travels.train.classifier:training loss: 2.0172 acc: 0.3557
INFO:aural_travels.train.classifier:validation loss: 1.9650 acc: 0.3808
INFO:aural_travels.train.classifier:Epoch 2/24
INFO:aural_travels.train.classifier:training loss: 1.9226 acc: 0.3788
INFO:aural_travels.train.classifier:validation loss: 1.9569 acc: 0.3653
INFO:aural_travels.train.classifier:Epoch 3/24
INFO:aural_travels.train.classifier:training loss: 1.8693 acc: 0.4028
INFO:aural_travels.train.classifier:validation loss: 1.9339 acc: 0.3679
INFO:aural_travels.train.classifier:Epoch 4/24
INFO:aural_travels.train.classifier:training loss: 1.8286 acc: 0.4054
INFO:aural_travels.train.classifier:validation loss: 1.9339 acc: 0.3756
INFO:aural_travels.train.classifier:Epoch 5/24
INFO:aural_travels.train.classifier:training loss: 1.7688 acc: 0.4330
INFO:aural_travels.train.classifier:validation loss: 1.9210 acc: 0.3679
INFO:aural_travels.train.classifier:Epoch 6/24
INFO:aural_travels.train.classifier:training loss: 1.7445 acc: 0.4297
INFO:aural_travels.train.classifier:validation loss: 1.9184 acc: 0.3808
INFO:aural_travels.train.classifier:Epoch 7/24
INFO:aural_travels.train.classifier:training loss: 1.7100 acc: 0.4382
INFO:aural_travels.train.classifier:validation loss: 1.9142 acc: 0.3782
INFO:aural_travels.train.classifier:Epoch 8/24
INFO:aural_travels.train.classifier:training loss: 1.6725 acc: 0.4443
INFO:aural_travels.train.classifier:validation loss: 1.9142 acc: 0.3938
INFO:aural_travels.train.classifier:Epoch 9/24
INFO:aural_travels.train.classifier:training loss: 1.6400 acc: 0.4680
INFO:aural_travels.train.classifier:validation loss: 1.9145 acc: 0.3731
INFO:aural_travels.train.classifier:Epoch 10/24
INFO:aural_travels.train.classifier:training loss: 1.5974 acc: 0.4664
INFO:aural_travels.train.classifier:validation loss: 1.9080 acc: 0.3705
INFO:aural_travels.train.classifier:Epoch 11/24
INFO:aural_travels.train.classifier:training loss: 1.5680 acc: 0.4833
INFO:aural_travels.train.classifier:validation loss: 1.9067 acc: 0.3705
INFO:aural_travels.train.classifier:Epoch 12/24
INFO:aural_travels.train.classifier:training loss: 1.5404 acc: 0.4989
INFO:aural_travels.train.classifier:validation loss: 1.9207 acc: 0.3705
INFO:aural_travels.train.classifier:Epoch 13/24
INFO:aural_travels.train.classifier:training loss: 1.5075 acc: 0.5213
INFO:aural_travels.train.classifier:validation loss: 1.9229 acc: 0.3860
INFO:aural_travels.train.classifier:Epoch 14/24
INFO:aural_travels.train.classifier:training loss: 1.4634 acc: 0.5294
INFO:aural_travels.train.classifier:validation loss: 1.9285 acc: 0.3782
INFO:aural_travels.train.classifier:Epoch 15/24
INFO:aural_travels.train.classifier:training loss: 1.4236 acc: 0.5475
INFO:aural_travels.train.classifier:validation loss: 1.9318 acc: 0.3834
INFO:aural_travels.train.classifier:Epoch 16/24
INFO:aural_travels.train.classifier:training loss: 1.3967 acc: 0.5446
INFO:aural_travels.train.classifier:validation loss: 1.9341 acc: 0.3731
INFO:aural_travels.train.classifier:Epoch 17/24
INFO:aural_travels.train.classifier:training loss: 1.3637 acc: 0.5680
INFO:aural_travels.train.classifier:validation loss: 1.9588 acc: 0.3782
INFO:aural_travels.train.classifier:Epoch 18/24
INFO:aural_travels.train.classifier:training loss: 1.3278 acc: 0.5735
INFO:aural_travels.train.classifier:validation loss: 1.9448 acc: 0.3860
INFO:aural_travels.train.classifier:Epoch 19/24
INFO:aural_travels.train.classifier:training loss: 1.2950 acc: 0.5943
INFO:aural_travels.train.classifier:validation loss: 1.9580 acc: 0.3808
INFO:aural_travels.train.classifier:Epoch 20/24
INFO:aural_travels.train.classifier:training loss: 1.2544 acc: 0.6021
INFO:aural_travels.train.classifier:validation loss: 1.9900 acc: 0.3575
INFO:aural_travels.train.classifier:Epoch 21/24
INFO:aural_travels.train.classifier:training loss: 1.2490 acc: 0.6031
INFO:aural_travels.train.classifier:validation loss: 2.0012 acc: 0.3549
INFO:aural_travels.train.classifier:Epoch 22/24
INFO:aural_travels.train.classifier:training loss: 1.1905 acc: 0.6300
INFO:aural_travels.train.classifier:validation loss: 2.0055 acc: 0.3601
INFO:aural_travels.train.classifier:Epoch 23/24
INFO:aural_travels.train.classifier:training loss: 1.1628 acc: 0.6381
INFO:aural_travels.train.classifier:validation loss: 2.0322 acc: 0.3472
INFO:aural_travels.train.classifier:Epoch 24/24
INFO:aural_travels.train.classifier:training loss: 1.1315 acc: 0.6478
INFO:aural_travels.train.classifier:validation loss: 2.0499 acc: 0.3627
INFO:aural_travels.train.classifier:Training complete in 5m21s
INFO:aural_travels.train.classifier:Best validation acc: 0.393782
INFO:__main__:Model name: densenet
INFO:__main__:Number of trainable parameters: 6970256
INFO:aural_travels.train.classifier:Epoch 0/24
INFO:aural_travels.train.classifier:training loss: 2.2972 acc: 0.2769
INFO:aural_travels.train.classifier:validation loss: 2.0814 acc: 0.3187
INFO:aural_travels.train.classifier:Epoch 1/24
INFO:aural_travels.train.classifier:training loss: 2.0068 acc: 0.3535
INFO:aural_travels.train.classifier:validation loss: 2.0104 acc: 0.3834
INFO:aural_travels.train.classifier:Epoch 2/24
INFO:aural_travels.train.classifier:training loss: 1.9211 acc: 0.3797
INFO:aural_travels.train.classifier:validation loss: 1.9664 acc: 0.3938
INFO:aural_travels.train.classifier:Epoch 3/24
INFO:aural_travels.train.classifier:training loss: 1.8752 acc: 0.3995
INFO:aural_travels.train.classifier:validation loss: 1.9540 acc: 0.3834
INFO:aural_travels.train.classifier:Epoch 4/24
INFO:aural_travels.train.classifier:training loss: 1.8234 acc: 0.4073
INFO:aural_travels.train.classifier:validation loss: 1.9393 acc: 0.4016
INFO:aural_travels.train.classifier:Epoch 5/24
INFO:aural_travels.train.classifier:training loss: 1.7763 acc: 0.4197
INFO:aural_travels.train.classifier:validation loss: 1.9224 acc: 0.3912
INFO:aural_travels.train.classifier:Epoch 6/24
INFO:aural_travels.train.classifier:training loss: 1.7323 acc: 0.4372
INFO:aural_travels.train.classifier:validation loss: 1.9310 acc: 0.3860
INFO:aural_travels.train.classifier:Epoch 7/24
INFO:aural_travels.train.classifier:training loss: 1.6879 acc: 0.4450
INFO:aural_travels.train.classifier:validation loss: 1.9241 acc: 0.4016
INFO:aural_travels.train.classifier:Epoch 8/24
INFO:aural_travels.train.classifier:training loss: 1.6517 acc: 0.4654
INFO:aural_travels.train.classifier:validation loss: 1.9190 acc: 0.3679
INFO:aural_travels.train.classifier:Epoch 9/24
INFO:aural_travels.train.classifier:training loss: 1.6194 acc: 0.4684
INFO:aural_travels.train.classifier:validation loss: 1.9128 acc: 0.3731
INFO:aural_travels.train.classifier:Epoch 10/24
INFO:aural_travels.train.classifier:training loss: 1.5870 acc: 0.4817
INFO:aural_travels.train.classifier:validation loss: 1.9211 acc: 0.3782
INFO:aural_travels.train.classifier:Epoch 11/24
INFO:aural_travels.train.classifier:training loss: 1.5522 acc: 0.4989
INFO:aural_travels.train.classifier:validation loss: 1.9293 acc: 0.4016
INFO:aural_travels.train.classifier:Epoch 12/24
INFO:aural_travels.train.classifier:training loss: 1.5213 acc: 0.5028
INFO:aural_travels.train.classifier:validation loss: 1.9219 acc: 0.3990
INFO:aural_travels.train.classifier:Epoch 13/24
INFO:aural_travels.train.classifier:training loss: 1.4876 acc: 0.5144
INFO:aural_travels.train.classifier:validation loss: 1.9223 acc: 0.4016
INFO:aural_travels.train.classifier:Epoch 14/24
INFO:aural_travels.train.classifier:training loss: 1.4457 acc: 0.5297
INFO:aural_travels.train.classifier:validation loss: 1.9276 acc: 0.4041
INFO:aural_travels.train.classifier:Epoch 15/24
INFO:aural_travels.train.classifier:training loss: 1.4214 acc: 0.5391
INFO:aural_travels.train.classifier:validation loss: 1.9299 acc: 0.4016
INFO:aural_travels.train.classifier:Epoch 16/24
INFO:aural_travels.train.classifier:training loss: 1.3753 acc: 0.5550
INFO:aural_travels.train.classifier:validation loss: 1.9491 acc: 0.3964
INFO:aural_travels.train.classifier:Epoch 17/24
INFO:aural_travels.train.classifier:training loss: 1.3709 acc: 0.5560
INFO:aural_travels.train.classifier:validation loss: 1.9731 acc: 0.4041
INFO:aural_travels.train.classifier:Epoch 18/24
INFO:aural_travels.train.classifier:training loss: 1.3110 acc: 0.5803
INFO:aural_travels.train.classifier:validation loss: 1.9606 acc: 0.3964
INFO:aural_travels.train.classifier:Epoch 19/24
INFO:aural_travels.train.classifier:training loss: 1.2823 acc: 0.5930
INFO:aural_travels.train.classifier:validation loss: 1.9808 acc: 0.3834
INFO:aural_travels.train.classifier:Epoch 20/24
INFO:aural_travels.train.classifier:training loss: 1.2483 acc: 0.6024
INFO:aural_travels.train.classifier:validation loss: 1.9941 acc: 0.3912
INFO:aural_travels.train.classifier:Epoch 21/24
INFO:aural_travels.train.classifier:training loss: 1.2063 acc: 0.6258
INFO:aural_travels.train.classifier:validation loss: 2.0178 acc: 0.3808
INFO:aural_travels.train.classifier:Epoch 22/24
INFO:aural_travels.train.classifier:training loss: 1.1799 acc: 0.6349
INFO:aural_travels.train.classifier:validation loss: 2.0221 acc: 0.4016
INFO:aural_travels.train.classifier:Epoch 23/24
INFO:aural_travels.train.classifier:training loss: 1.1529 acc: 0.6401
INFO:aural_travels.train.classifier:validation loss: 2.0085 acc: 0.3938
INFO:aural_travels.train.classifier:Epoch 24/24
INFO:aural_travels.train.classifier:training loss: 1.1072 acc: 0.6560
INFO:aural_travels.train.classifier:validation loss: 2.0559 acc: 0.3886
INFO:aural_travels.train.classifier:Training complete in 5m21s
INFO:aural_travels.train.classifier:Best validation acc: 0.404145
INFO:__main__:Top validation accuracies: 
INFO:__main__:resnet50: 0.4119
INFO:__main__:resnet50: 0.4041
INFO:__main__:resnet50: 0.4067
INFO:__main__:resnet18: 0.4016
INFO:__main__:resnet18: 0.4119
INFO:__main__:resnet18: 0.4041
INFO:__main__:alexnet: 0.3731
INFO:__main__:alexnet: 0.3731
INFO:__main__:alexnet: 0.3782
INFO:__main__:vgg: 0.3990
INFO:__main__:vgg: 0.3964
INFO:__main__:vgg: 0.4016
INFO:__main__:squeezenet: 0.3808
INFO:__main__:squeezenet: 0.3938
INFO:__main__:squeezenet: 0.3964
INFO:__main__:densenet: 0.4093
INFO:__main__:densenet: 0.3938
INFO:__main__:densenet: 0.4041
